TN:
SF:src/1c5d7b26-f3f0-4dd7-a025-8c79809fecac.js
FN:2,(anonymous_1)
FN:4,(anonymous_2)
FN:4,(anonymous_3)
FN:4,(anonymous_4)
FN:4,(anonymous_5)
FN:5,(anonymous_6)
FN:5,(anonymous_7)
FN:5,(anonymous_8)
FN:5,(anonymous_9)
FN:5,(anonymous_10)
FN:5,(anonymous_11)
FN:6,(anonymous_12)
FN:6,(anonymous_13)
FN:7,(anonymous_14)
FN:7,(anonymous_15)
FN:7,(anonymous_16)
FN:7,(anonymous_17)
FN:7,(anonymous_18)
FN:7,(anonymous_19)
FN:7,(anonymous_20)
FN:7,(anonymous_21)
FN:7,(anonymous_22)
FN:7,(anonymous_23)
FN:7,(anonymous_24)
FN:7,n
FN:7,(anonymous_26)
FN:7,q
FN:7,(anonymous_28)
FN:7,t
FN:8,u
FN:8,(anonymous_31)
FN:8,w
FN:8,(anonymous_33)
FN:8,x
FN:8,(anonymous_35)
FN:8,y
FN:8,(anonymous_37)
FN:8,z
FN:8,C
FN:8,(anonymous_40)
FN:8,(anonymous_41)
FN:8,(anonymous_42)
FN:9,D
FN:9,(anonymous_44)
FN:10,(anonymous_45)
FN:11,(anonymous_46)
FN:11,G
FN:11,(anonymous_48)
FN:12,H
FN:13,(anonymous_50)
FN:13,I
FN:14,(anonymous_52)
FN:14,(anonymous_53)
FN:15,J
FN:16,K
FN:16,(anonymous_56)
FN:16,L
FN:17,(anonymous_58)
FN:17,(anonymous_59)
FN:17,(anonymous_60)
FN:17,(anonymous_61)
FN:17,(anonymous_62)
FN:17,(anonymous_63)
FN:22,(anonymous_64)
FN:24,(anonymous_65)
FN:24,y
FN:24,(anonymous_67)
FN:24,w
FN:24,A
FN:25,(anonymous_70)
FN:25,(anonymous_71)
FN:26,x
FN:30,E
FN:30,(anonymous_74)
FN:31,v
FN:31,q
FN:31,(anonymous_77)
FN:31,(anonymous_78)
FN:31,(anonymous_79)
FN:34,(anonymous_80)
FN:34,(anonymous_81)
FN:34,(anonymous_82)
FN:35,(anonymous_83)
FN:35,(anonymous_84)
FN:35,(anonymous_85)
FN:35,(anonymous_86)
FN:36,(anonymous_87)
FN:36,(anonymous_88)
FN:36,(anonymous_89)
FN:37,(anonymous_90)
FN:38,(anonymous_91)
FN:39,(anonymous_92)
FN:45,(anonymous_93)
FN:45,(anonymous_94)
FN:45,(anonymous_95)
FN:45,(anonymous_96)
FN:45,(anonymous_97)
FN:45,(anonymous_98)
FN:45,(anonymous_99)
FN:45,(anonymous_100)
FN:45,m
FN:45,(anonymous_102)
FN:45,(anonymous_103)
FN:45,(anonymous_104)
FN:45,n
FN:45,(anonymous_106)
FN:45,(anonymous_107)
FN:45,(anonymous_108)
FN:45,(anonymous_109)
FN:45,(anonymous_110)
FN:45,p
FN:46,ba
FN:47,x
FN:47,(anonymous_114)
FN:47,(anonymous_115)
FN:47,q
FN:48,(anonymous_117)
FN:48,(anonymous_118)
FN:48,(anonymous_119)
FN:48,(anonymous_120)
FN:49,y
FN:49,(anonymous_122)
FN:49,z
FN:50,B
FN:50,C
FN:51,(anonymous_126)
FN:51,b
FN:52,(anonymous_128)
FN:52,a
FN:53,(anonymous_130)
FN:53,(anonymous_131)
FN:54,(anonymous_132)
FN:54,(anonymous_133)
FN:54,(anonymous_134)
FN:55,(anonymous_135)
FN:55,(anonymous_136)
FN:55,(anonymous_137)
FN:55,(anonymous_138)
FN:56,(anonymous_139)
FN:56,(anonymous_140)
FN:56,G
FN:57,(anonymous_142)
FN:57,(anonymous_143)
FN:57,(anonymous_144)
FN:57,(anonymous_145)
FN:58,ca
FN:58,c
FN:58,(anonymous_148)
FN:59,(anonymous_149)
FN:59,da
FN:59,I
FN:59,(anonymous_152)
FN:59,(anonymous_153)
FN:59,(anonymous_154)
FN:59,(anonymous_155)
FN:59,ea
FN:59,(anonymous_157)
FN:59,(anonymous_158)
FN:59,ha
FN:59,(anonymous_160)
FN:59,(anonymous_161)
FN:59,M
FN:59,(anonymous_163)
FN:59,ka
FN:60,N
FN:60,c
FN:60,(anonymous_167)
FN:60,la
FN:60,(anonymous_169)
FN:60,ma
FN:60,(anonymous_171)
FN:60,O
FN:60,oa
FN:60,(anonymous_174)
FN:60,P
FN:60,Q
FN:60,(anonymous_177)
FN:60,(anonymous_178)
FN:60,(anonymous_179)
FN:61,(anonymous_180)
FN:61,(anonymous_181)
FN:62,(anonymous_182)
FN:62,(anonymous_183)
FN:62,(anonymous_184)
FN:63,(anonymous_185)
FN:64,(anonymous_186)
FN:64,(anonymous_187)
FN:64,(anonymous_188)
FN:64,(anonymous_189)
FN:64,(anonymous_190)
FN:65,(anonymous_191)
FN:65,qa
FN:65,(anonymous_193)
FN:65,S
FN:65,(anonymous_195)
FN:65,(anonymous_196)
FN:65,U
FN:65,V
FN:65,(anonymous_199)
FN:65,(anonymous_200)
FN:65,(anonymous_201)
FN:65,(anonymous_202)
FN:66,sa
FN:66,(anonymous_204)
FN:66,ta
FN:66,(anonymous_206)
FN:66,W
FN:66,(anonymous_208)
FN:66,(anonymous_209)
FN:67,(anonymous_210)
FN:67,(anonymous_211)
FN:67,(anonymous_212)
FN:67,(anonymous_213)
FN:67,(anonymous_214)
FN:67,(anonymous_215)
FN:68,(anonymous_216)
FN:68,(anonymous_217)
FN:68,(anonymous_218)
FN:69,(anonymous_219)
FN:69,(anonymous_220)
FN:69,X
FN:69,(anonymous_222)
FN:69,(anonymous_223)
FN:69,(anonymous_224)
FN:70,(anonymous_225)
FN:70,va
FN:70,(anonymous_227)
FN:70,(anonymous_228)
FN:70,(anonymous_229)
FN:70,(anonymous_230)
FN:70,(anonymous_231)
FN:70,(anonymous_232)
FN:70,(anonymous_233)
FN:70,(anonymous_234)
FN:70,(anonymous_235)
FN:70,(anonymous_236)
FN:70,Y
FN:70,(anonymous_238)
FN:71,(anonymous_239)
FN:71,wa
FN:72,(anonymous_241)
FN:72,(anonymous_242)
FN:73,xa
FN:73,(anonymous_244)
FN:74,(anonymous_245)
FN:74,(anonymous_246)
FN:74,(anonymous_247)
FN:74,(anonymous_248)
FN:75,(anonymous_249)
FN:75,(anonymous_250)
FN:75,(anonymous_251)
FN:76,(anonymous_252)
FN:76,(anonymous_253)
FN:76,Z
FN:77,(anonymous_255)
FN:77,(anonymous_256)
FN:77,(anonymous_257)
FN:77,(anonymous_258)
FN:77,b
FN:77,c
FNF:260
FNH:122
FNDA:1,(anonymous_1)
FNDA:0,(anonymous_2)
FNDA:0,(anonymous_3)
FNDA:0,(anonymous_4)
FNDA:0,(anonymous_5)
FNDA:0,(anonymous_6)
FNDA:0,(anonymous_7)
FNDA:0,(anonymous_8)
FNDA:0,(anonymous_9)
FNDA:0,(anonymous_10)
FNDA:0,(anonymous_11)
FNDA:0,(anonymous_12)
FNDA:2,(anonymous_13)
FNDA:0,(anonymous_14)
FNDA:0,(anonymous_15)
FNDA:0,(anonymous_16)
FNDA:0,(anonymous_17)
FNDA:0,(anonymous_18)
FNDA:0,(anonymous_19)
FNDA:0,(anonymous_20)
FNDA:1,(anonymous_21)
FNDA:0,(anonymous_22)
FNDA:0,(anonymous_23)
FNDA:0,(anonymous_24)
FNDA:1,n
FNDA:0,(anonymous_26)
FNDA:0,q
FNDA:0,(anonymous_28)
FNDA:0,t
FNDA:0,u
FNDA:0,(anonymous_31)
FNDA:0,w
FNDA:0,(anonymous_33)
FNDA:0,x
FNDA:0,(anonymous_35)
FNDA:0,y
FNDA:0,(anonymous_37)
FNDA:0,z
FNDA:1,C
FNDA:1,(anonymous_40)
FNDA:1,(anonymous_41)
FNDA:0,(anonymous_42)
FNDA:0,D
FNDA:0,(anonymous_44)
FNDA:0,(anonymous_45)
FNDA:0,(anonymous_46)
FNDA:1,G
FNDA:1,(anonymous_48)
FNDA:0,H
FNDA:0,(anonymous_50)
FNDA:0,I
FNDA:1,(anonymous_52)
FNDA:0,(anonymous_53)
FNDA:0,J
FNDA:0,K
FNDA:0,(anonymous_56)
FNDA:1,L
FNDA:1,(anonymous_58)
FNDA:1,(anonymous_59)
FNDA:0,(anonymous_60)
FNDA:1,(anonymous_61)
FNDA:0,(anonymous_62)
FNDA:0,(anonymous_63)
FNDA:1,(anonymous_64)
FNDA:1,(anonymous_65)
FNDA:7,y
FNDA:0,(anonymous_67)
FNDA:19,w
FNDA:7,A
FNDA:0,(anonymous_70)
FNDA:0,(anonymous_71)
FNDA:3,x
FNDA:3,E
FNDA:3,(anonymous_74)
FNDA:3,v
FNDA:3,q
FNDA:0,(anonymous_77)
FNDA:0,(anonymous_78)
FNDA:54,(anonymous_79)
FNDA:11,(anonymous_80)
FNDA:1,(anonymous_81)
FNDA:0,(anonymous_82)
FNDA:0,(anonymous_83)
FNDA:0,(anonymous_84)
FNDA:1,(anonymous_85)
FNDA:0,(anonymous_86)
FNDA:2,(anonymous_87)
FNDA:2,(anonymous_88)
FNDA:2,(anonymous_89)
FNDA:0,(anonymous_90)
FNDA:0,(anonymous_91)
FNDA:5,(anonymous_92)
FNDA:0,(anonymous_93)
FNDA:0,(anonymous_94)
FNDA:0,(anonymous_95)
FNDA:0,(anonymous_96)
FNDA:0,(anonymous_97)
FNDA:0,(anonymous_98)
FNDA:0,(anonymous_99)
FNDA:0,(anonymous_100)
FNDA:0,m
FNDA:0,(anonymous_102)
FNDA:0,(anonymous_103)
FNDA:0,(anonymous_104)
FNDA:1,n
FNDA:1,(anonymous_106)
FNDA:1,(anonymous_107)
FNDA:4,(anonymous_108)
FNDA:3,(anonymous_109)
FNDA:0,(anonymous_110)
FNDA:3,p
FNDA:1,ba
FNDA:1,x
FNDA:1,(anonymous_114)
FNDA:0,(anonymous_115)
FNDA:1,q
FNDA:1,(anonymous_117)
FNDA:1,(anonymous_118)
FNDA:1,(anonymous_119)
FNDA:0,(anonymous_120)
FNDA:2,y
FNDA:0,(anonymous_122)
FNDA:1,z
FNDA:0,B
FNDA:0,C
FNDA:1,(anonymous_126)
FNDA:0,b
FNDA:1,(anonymous_128)
FNDA:1,a
FNDA:1,(anonymous_130)
FNDA:1,(anonymous_131)
FNDA:1,(anonymous_132)
FNDA:0,(anonymous_133)
FNDA:0,(anonymous_134)
FNDA:0,(anonymous_135)
FNDA:0,(anonymous_136)
FNDA:1,(anonymous_137)
FNDA:0,(anonymous_138)
FNDA:1,(anonymous_139)
FNDA:0,(anonymous_140)
FNDA:1,G
FNDA:1,(anonymous_142)
FNDA:1,(anonymous_143)
FNDA:1,(anonymous_144)
FNDA:0,(anonymous_145)
FNDA:1,ca
FNDA:2,c
FNDA:1,(anonymous_148)
FNDA:1,(anonymous_149)
FNDA:0,da
FNDA:0,I
FNDA:6,(anonymous_152)
FNDA:0,(anonymous_153)
FNDA:0,(anonymous_154)
FNDA:8,(anonymous_155)
FNDA:0,ea
FNDA:1,(anonymous_157)
FNDA:0,(anonymous_158)
FNDA:3,ha
FNDA:0,(anonymous_160)
FNDA:0,(anonymous_161)
FNDA:2,M
FNDA:0,(anonymous_163)
FNDA:2,ka
FNDA:7,N
FNDA:14,c
FNDA:7,(anonymous_167)
FNDA:0,la
FNDA:0,(anonymous_169)
FNDA:1,ma
FNDA:0,(anonymous_171)
FNDA:7,O
FNDA:0,oa
FNDA:0,(anonymous_174)
FNDA:3,P
FNDA:1,Q
FNDA:0,(anonymous_177)
FNDA:0,(anonymous_178)
FNDA:0,(anonymous_179)
FNDA:0,(anonymous_180)
FNDA:0,(anonymous_181)
FNDA:0,(anonymous_182)
FNDA:0,(anonymous_183)
FNDA:0,(anonymous_184)
FNDA:0,(anonymous_185)
FNDA:0,(anonymous_186)
FNDA:0,(anonymous_187)
FNDA:0,(anonymous_188)
FNDA:1,(anonymous_189)
FNDA:0,(anonymous_190)
FNDA:0,(anonymous_191)
FNDA:0,qa
FNDA:0,(anonymous_193)
FNDA:1,S
FNDA:1,(anonymous_195)
FNDA:1,(anonymous_196)
FNDA:0,U
FNDA:2,V
FNDA:1,(anonymous_199)
FNDA:1,(anonymous_200)
FNDA:0,(anonymous_201)
FNDA:0,(anonymous_202)
FNDA:1,sa
FNDA:1,(anonymous_204)
FNDA:1,ta
FNDA:0,(anonymous_206)
FNDA:2,W
FNDA:1,(anonymous_208)
FNDA:2,(anonymous_209)
FNDA:1,(anonymous_210)
FNDA:0,(anonymous_211)
FNDA:0,(anonymous_212)
FNDA:0,(anonymous_213)
FNDA:2,(anonymous_214)
FNDA:0,(anonymous_215)
FNDA:0,(anonymous_216)
FNDA:2,(anonymous_217)
FNDA:0,(anonymous_218)
FNDA:0,(anonymous_219)
FNDA:0,(anonymous_220)
FNDA:1,X
FNDA:1,(anonymous_222)
FNDA:0,(anonymous_223)
FNDA:0,(anonymous_224)
FNDA:6,(anonymous_225)
FNDA:1,va
FNDA:0,(anonymous_227)
FNDA:1,(anonymous_228)
FNDA:1,(anonymous_229)
FNDA:1,(anonymous_230)
FNDA:1,(anonymous_231)
FNDA:1,(anonymous_232)
FNDA:1,(anonymous_233)
FNDA:1,(anonymous_234)
FNDA:0,(anonymous_235)
FNDA:0,(anonymous_236)
FNDA:1,Y
FNDA:4,(anonymous_238)
FNDA:3,(anonymous_239)
FNDA:1,wa
FNDA:1,(anonymous_241)
FNDA:1,(anonymous_242)
FNDA:1,xa
FNDA:0,(anonymous_244)
FNDA:1,(anonymous_245)
FNDA:1,(anonymous_246)
FNDA:1,(anonymous_247)
FNDA:0,(anonymous_248)
FNDA:1,(anonymous_249)
FNDA:0,(anonymous_250)
FNDA:2,(anonymous_251)
FNDA:3,(anonymous_252)
FNDA:0,(anonymous_253)
FNDA:1,Z
FNDA:1,(anonymous_255)
FNDA:1,(anonymous_256)
FNDA:0,(anonymous_257)
FNDA:1,(anonymous_258)
FNDA:6,b
FNDA:1,c
DA:1,1
DA:2,1
DA:4,1
DA:5,1
DA:6,2
DA:7,3
DA:8,1
DA:9,1
DA:10,1
DA:11,1
DA:12,1
DA:13,1
DA:14,1
DA:15,1
DA:16,1
DA:17,1
DA:22,1
DA:23,1
DA:24,19
DA:25,7
DA:26,3
DA:28,923
DA:29,869
DA:30,3
DA:31,54
DA:34,11
DA:35,1
DA:36,2
DA:37,1
DA:38,1
DA:39,5
DA:41,1
DA:43,1
DA:45,4
DA:46,2
DA:47,1
DA:48,1
DA:49,2
DA:50,1
DA:51,1
DA:52,1
DA:53,1
DA:54,1
DA:55,1
DA:56,1
DA:57,1
DA:58,2
DA:59,8
DA:60,14
DA:61,1
DA:62,1
DA:63,1
DA:64,1
DA:65,2
DA:66,2
DA:67,2
DA:68,2
DA:69,1
DA:70,6
DA:71,3
DA:72,1
DA:73,1
DA:74,1
DA:75,2
DA:76,3
DA:77,6
DA:78,1
LF:67
LH:67
BRDA:4,1,0,1
BRDA:4,1,1,1
BRDA:4,2,0,1
BRDA:4,2,1,1
BRDA:4,3,0,0
BRDA:4,3,1,0
BRDA:4,4,0,0
BRDA:4,4,1,0
BRDA:4,5,0,0
BRDA:4,5,1,0
BRDA:4,6,0,0
BRDA:4,6,1,0
BRDA:4,6,2,0
BRDA:4,6,3,0
BRDA:4,7,0,1
BRDA:4,7,1,1
BRDA:4,8,0,0
BRDA:4,8,1,0
BRDA:4,9,0,0
BRDA:4,9,1,0
BRDA:4,10,0,0
BRDA:4,10,1,0
BRDA:4,11,0,1
BRDA:4,11,1,1
BRDA:5,12,0,0
BRDA:5,12,1,0
BRDA:5,13,0,1
BRDA:5,13,1,1
BRDA:5,14,0,0
BRDA:5,14,1,0
BRDA:5,15,0,0
BRDA:5,15,1,0
BRDA:5,16,0,0
BRDA:5,16,1,0
BRDA:5,17,0,1
BRDA:5,17,1,1
BRDA:5,18,0,0
BRDA:5,18,1,0
BRDA:5,19,0,0
BRDA:5,19,1,0
BRDA:6,20,0,1
BRDA:6,20,1,1
BRDA:6,21,0,0
BRDA:6,21,1,0
BRDA:6,22,0,1
BRDA:6,22,1,1
BRDA:6,23,0,0
BRDA:6,23,1,2
BRDA:7,24,0,1
BRDA:7,24,1,1
BRDA:7,25,0,0
BRDA:7,25,1,0
BRDA:7,26,0,0
BRDA:7,26,1,0
BRDA:7,26,2,0
BRDA:7,27,0,0
BRDA:7,27,1,0
BRDA:7,28,0,0
BRDA:7,28,1,0
BRDA:7,29,0,0
BRDA:7,29,1,0
BRDA:7,30,0,0
BRDA:7,30,1,0
BRDA:7,31,0,1
BRDA:7,31,1,1
BRDA:7,32,0,1
BRDA:7,32,1,1
BRDA:7,33,0,1
BRDA:7,33,1,1
BRDA:7,34,0,1
BRDA:7,34,1,0
BRDA:7,35,0,1
BRDA:7,35,1,0
BRDA:7,36,0,2
BRDA:7,36,1,1
BRDA:7,37,0,1
BRDA:7,37,1,0
BRDA:7,38,0,1
BRDA:7,38,1,1
BRDA:7,38,2,0
BRDA:7,39,0,0
BRDA:7,39,1,0
BRDA:7,40,0,0
BRDA:7,40,1,0
BRDA:8,41,0,0
BRDA:8,41,1,0
BRDA:8,42,0,0
BRDA:8,42,1,0
BRDA:8,43,0,0
BRDA:8,43,1,0
BRDA:8,44,0,0
BRDA:8,44,1,0
BRDA:8,44,2,0
BRDA:8,45,0,0
BRDA:8,45,1,0
BRDA:8,46,0,0
BRDA:8,46,1,1
BRDA:8,47,0,0
BRDA:8,47,1,0
BRDA:8,48,0,1
BRDA:8,48,1,1
BRDA:8,49,0,1
BRDA:8,49,1,0
BRDA:8,50,0,0
BRDA:8,50,1,0
BRDA:8,51,0,0
BRDA:8,51,1,0
BRDA:8,51,2,0
BRDA:8,51,3,0
BRDA:8,52,0,1
BRDA:8,52,1,0
BRDA:8,53,0,1
BRDA:8,53,1,0
BRDA:8,54,0,0
BRDA:8,54,1,0
BRDA:9,55,0,0
BRDA:9,55,1,0
BRDA:9,56,0,0
BRDA:9,56,1,0
BRDA:9,57,0,0
BRDA:9,57,1,0
BRDA:9,58,0,0
BRDA:9,58,1,0
BRDA:9,59,0,0
BRDA:9,59,1,0
BRDA:9,59,2,0
BRDA:9,60,0,0
BRDA:9,60,1,0
BRDA:10,61,0,0
BRDA:10,61,1,0
BRDA:10,62,0,0
BRDA:10,62,1,0
BRDA:10,62,2,0
BRDA:10,63,0,0
BRDA:10,63,1,0
BRDA:10,64,0,0
BRDA:10,64,1,1
BRDA:11,65,0,0
BRDA:11,65,1,0
BRDA:11,66,0,0
BRDA:11,66,1,0
BRDA:11,67,0,1
BRDA:11,67,1,1
BRDA:11,68,0,0
BRDA:11,68,1,1
BRDA:11,69,0,1
BRDA:11,69,1,1
BRDA:11,70,0,0
BRDA:11,70,1,1
BRDA:11,71,0,1
BRDA:11,71,1,1
BRDA:11,72,0,1
BRDA:11,72,1,1
BRDA:11,73,0,1
BRDA:11,73,1,1
BRDA:11,74,0,0
BRDA:11,74,1,1
BRDA:11,75,0,1
BRDA:11,75,1,1
BRDA:12,76,0,0
BRDA:12,76,1,0
BRDA:12,77,0,0
BRDA:12,77,1,0
BRDA:12,77,2,0
BRDA:12,77,3,0
BRDA:12,77,4,0
BRDA:12,77,5,0
BRDA:12,78,0,0
BRDA:12,78,1,0
BRDA:12,78,2,0
BRDA:12,79,0,0
BRDA:12,79,1,0
BRDA:12,79,2,0
BRDA:12,80,0,0
BRDA:12,80,1,0
BRDA:12,81,0,0
BRDA:12,81,1,0
BRDA:12,82,0,0
BRDA:12,82,1,0
BRDA:12,83,0,0
BRDA:12,83,1,0
BRDA:12,84,0,0
BRDA:12,84,1,0
BRDA:12,84,2,0
BRDA:12,85,0,0
BRDA:12,85,1,0
BRDA:12,85,2,0
BRDA:13,86,0,0
BRDA:13,86,1,0
BRDA:13,87,0,0
BRDA:13,87,1,0
BRDA:13,87,2,0
BRDA:13,88,0,0
BRDA:13,88,1,0
BRDA:13,89,0,0
BRDA:13,89,1,0
BRDA:13,90,0,0
BRDA:13,90,1,0
BRDA:13,91,0,0
BRDA:13,91,1,0
BRDA:14,92,0,1
BRDA:14,92,1,0
BRDA:14,93,0,0
BRDA:14,93,1,0
BRDA:14,94,0,0
BRDA:14,94,1,0
BRDA:14,94,2,0
BRDA:14,95,0,0
BRDA:14,95,1,0
BRDA:14,96,0,0
BRDA:14,96,1,0
BRDA:14,97,0,0
BRDA:14,97,1,0
BRDA:14,98,0,0
BRDA:14,98,1,0
BRDA:14,99,0,0
BRDA:14,99,1,0
BRDA:14,99,2,0
BRDA:14,99,3,0
BRDA:14,99,4,0
BRDA:15,100,0,0
BRDA:15,100,1,0
BRDA:15,101,0,0
BRDA:15,101,1,0
BRDA:15,102,0,0
BRDA:15,102,1,0
BRDA:15,103,0,0
BRDA:15,103,1,0
BRDA:15,104,0,0
BRDA:15,104,1,0
BRDA:15,105,0,0
BRDA:15,105,1,0
BRDA:15,106,0,0
BRDA:15,106,1,0
BRDA:15,107,0,0
BRDA:15,107,1,0
BRDA:15,108,0,0
BRDA:15,108,1,0
BRDA:15,109,0,0
BRDA:15,109,1,0
BRDA:15,109,2,0
BRDA:15,109,3,0
BRDA:16,110,0,0
BRDA:16,110,1,0
BRDA:16,111,0,1
BRDA:16,111,1,1
BRDA:17,112,0,1
BRDA:17,112,1,0
BRDA:17,113,0,1
BRDA:17,113,1,1
BRDA:17,113,2,1
BRDA:17,114,0,1
BRDA:17,114,1,0
BRDA:17,115,0,0
BRDA:17,115,1,0
BRDA:17,116,0,0
BRDA:17,116,1,0
BRDA:23,117,0,1
BRDA:23,117,1,0
BRDA:23,117,2,1
BRDA:24,118,0,0
BRDA:24,118,1,0
BRDA:24,119,0,0
BRDA:24,119,1,19
BRDA:24,120,0,0
BRDA:24,120,1,0
BRDA:24,121,0,17
BRDA:24,121,1,2
BRDA:24,122,0,19
BRDA:24,122,1,19
BRDA:24,122,2,19
BRDA:24,123,0,19
BRDA:24,123,1,0
BRDA:24,124,0,2
BRDA:24,124,1,17
BRDA:24,125,0,2
BRDA:24,125,1,5
BRDA:24,126,0,0
BRDA:24,126,1,2
BRDA:24,127,0,2
BRDA:24,127,1,2
BRDA:24,127,2,2
BRDA:24,127,3,2
BRDA:24,127,4,0
BRDA:25,128,0,0
BRDA:25,128,1,5
BRDA:25,129,0,0
BRDA:25,129,1,0
BRDA:25,130,0,0
BRDA:25,130,1,0
BRDA:25,131,0,0
BRDA:25,131,1,5
BRDA:25,132,0,0
BRDA:25,132,1,5
BRDA:25,133,0,0
BRDA:25,133,1,0
BRDA:25,134,0,5
BRDA:25,134,1,3
BRDA:26,135,0,3
BRDA:26,135,1,0
BRDA:28,136,0,54
BRDA:28,136,1,869
BRDA:28,137,0,0
BRDA:28,137,1,1
BRDA:28,137,2,0
BRDA:28,137,3,13
BRDA:28,137,4,2
BRDA:28,137,5,15
BRDA:28,137,6,9
BRDA:28,137,7,9
BRDA:28,137,8,14
BRDA:29,138,0,0
BRDA:29,138,1,54
BRDA:29,139,0,54
BRDA:29,139,1,54
BRDA:29,140,0,76
BRDA:29,140,1,76
BRDA:29,140,2,0
BRDA:29,140,3,35
BRDA:29,140,4,758
BRDA:29,141,0,55
BRDA:29,141,1,703
BRDA:29,142,0,0
BRDA:29,142,1,3
BRDA:30,143,0,3
BRDA:30,143,1,0
BRDA:30,144,0,0
BRDA:30,144,1,0
BRDA:30,145,0,0
BRDA:30,145,1,0
BRDA:30,146,0,0
BRDA:30,146,1,0
BRDA:30,147,0,3
BRDA:30,147,1,3
BRDA:31,148,0,3
BRDA:31,148,1,3
BRDA:31,149,0,0
BRDA:31,149,1,0
BRDA:31,150,0,0
BRDA:31,150,1,54
BRDA:34,151,0,1
BRDA:34,151,1,1
BRDA:34,152,0,1
BRDA:34,152,1,0
BRDA:34,153,0,1
BRDA:34,153,1,1
BRDA:34,154,0,11
BRDA:34,154,1,0
BRDA:34,155,0,11
BRDA:34,155,1,0
BRDA:34,156,0,0
BRDA:34,156,1,0
BRDA:34,157,0,0
BRDA:34,157,1,0
BRDA:34,157,2,0
BRDA:34,157,3,0
BRDA:34,158,0,1
BRDA:34,158,1,1
BRDA:35,159,0,0
BRDA:35,159,1,0
BRDA:35,160,0,0
BRDA:35,160,1,0
BRDA:35,161,0,0
BRDA:35,161,1,0
BRDA:36,162,0,1
BRDA:36,162,1,1
BRDA:36,163,0,2
BRDA:36,163,1,0
BRDA:36,164,0,4
BRDA:36,164,1,2
BRDA:36,165,0,2
BRDA:36,165,1,2
BRDA:36,166,0,1
BRDA:36,166,1,1
BRDA:36,167,0,1
BRDA:36,167,1,1
BRDA:36,168,0,2
BRDA:36,168,1,2
BRDA:38,169,0,0
BRDA:38,169,1,0
BRDA:38,170,0,0
BRDA:38,170,1,0
BRDA:38,171,0,0
BRDA:38,171,1,0
BRDA:38,172,0,0
BRDA:38,172,1,0
BRDA:38,173,0,0
BRDA:38,173,1,0
BRDA:38,174,0,0
BRDA:38,174,1,0
BRDA:38,174,2,0
BRDA:38,175,0,0
BRDA:38,175,1,0
BRDA:39,176,0,5
BRDA:39,176,1,0
BRDA:45,177,0,1
BRDA:45,177,1,1
BRDA:45,178,0,0
BRDA:45,178,1,0
BRDA:45,179,0,0
BRDA:45,179,1,0
BRDA:45,179,2,0
BRDA:45,180,0,0
BRDA:45,180,1,0
BRDA:45,181,0,0
BRDA:45,181,1,0
BRDA:45,182,0,0
BRDA:45,182,1,0
BRDA:45,183,0,0
BRDA:45,183,1,0
BRDA:45,184,0,0
BRDA:45,184,1,0
BRDA:45,184,2,0
BRDA:45,184,3,0
BRDA:45,185,0,0
BRDA:45,185,1,0
BRDA:45,186,0,0
BRDA:45,186,1,0
BRDA:45,187,0,0
BRDA:45,187,1,0
BRDA:45,188,0,0
BRDA:45,188,1,0
BRDA:45,189,0,0
BRDA:45,189,1,0
BRDA:45,190,0,0
BRDA:45,190,1,0
BRDA:45,191,0,0
BRDA:45,191,1,0
BRDA:45,192,0,1
BRDA:45,192,1,0
BRDA:45,193,0,0
BRDA:45,193,1,0
BRDA:46,194,0,1
BRDA:46,194,1,1
BRDA:46,194,2,0
BRDA:46,194,3,0
BRDA:46,195,0,1
BRDA:46,195,1,1
BRDA:46,196,0,0
BRDA:46,196,1,1
BRDA:46,197,0,0
BRDA:46,197,1,0
BRDA:46,198,0,0
BRDA:46,198,1,0
BRDA:46,199,0,0
BRDA:46,199,1,1
BRDA:46,200,0,1
BRDA:46,200,1,0
BRDA:46,201,0,0
BRDA:46,201,1,1
BRDA:46,202,0,1
BRDA:46,202,1,0
BRDA:46,203,0,1
BRDA:46,203,1,1
BRDA:46,204,0,1
BRDA:46,204,1,0
BRDA:46,205,0,1
BRDA:46,205,1,0
BRDA:46,205,2,0
BRDA:47,206,0,0
BRDA:47,206,1,1
BRDA:47,207,0,1
BRDA:47,207,1,1
BRDA:47,207,2,1
BRDA:48,208,0,1
BRDA:48,208,1,0
BRDA:48,209,0,1
BRDA:48,209,1,1
BRDA:49,210,0,0
BRDA:49,210,1,2
BRDA:49,211,0,1
BRDA:49,211,1,1
BRDA:49,212,0,0
BRDA:49,212,1,0
BRDA:49,213,0,0
BRDA:49,213,1,1
BRDA:50,214,0,0
BRDA:50,214,1,0
BRDA:50,215,0,0
BRDA:50,215,1,0
BRDA:51,216,0,0
BRDA:51,216,1,0
BRDA:51,217,0,0
BRDA:51,217,1,0
BRDA:51,217,2,0
BRDA:51,218,0,1
BRDA:51,218,1,0
BRDA:51,219,0,0
BRDA:51,219,1,0
BRDA:51,220,0,0
BRDA:51,220,1,0
BRDA:52,221,0,0
BRDA:52,221,1,1
BRDA:52,222,0,0
BRDA:52,222,1,0
BRDA:52,222,2,0
BRDA:52,223,0,1
BRDA:52,223,1,0
BRDA:52,224,0,0
BRDA:52,224,1,1
BRDA:52,225,0,1
BRDA:52,225,1,0
BRDA:52,226,0,1
BRDA:52,226,1,1
BRDA:53,227,0,0
BRDA:53,227,1,1
BRDA:53,228,0,1
BRDA:53,228,1,0
BRDA:54,229,0,0
BRDA:54,229,1,1
BRDA:54,230,0,0
BRDA:54,230,1,0
BRDA:54,230,2,0
BRDA:55,231,0,0
BRDA:55,231,1,1
BRDA:56,232,0,1
BRDA:56,232,1,0
BRDA:57,233,0,1
BRDA:57,233,1,1
BRDA:57,234,0,1
BRDA:57,234,1,1
BRDA:57,235,0,1
BRDA:57,235,1,0
BRDA:57,236,0,0
BRDA:57,236,1,0
BRDA:58,237,0,1
BRDA:58,237,1,1
BRDA:58,238,0,2
BRDA:58,238,1,1
BRDA:58,239,0,1
BRDA:58,239,1,1
BRDA:58,239,2,1
BRDA:58,240,0,1
BRDA:58,240,1,0
BRDA:58,241,0,1
BRDA:58,241,1,1
BRDA:58,241,2,1
BRDA:58,242,0,1
BRDA:58,242,1,1
BRDA:58,242,2,0
BRDA:58,243,0,0
BRDA:58,243,1,1
BRDA:59,244,0,1
BRDA:59,244,1,0
BRDA:59,245,0,0
BRDA:59,245,1,0
BRDA:59,246,0,6
BRDA:59,246,1,4
BRDA:59,247,0,0
BRDA:59,247,1,0
BRDA:59,248,0,0
BRDA:59,248,1,0
BRDA:59,248,2,0
BRDA:59,249,0,8
BRDA:59,249,1,0
BRDA:59,250,0,15
BRDA:59,250,1,7
BRDA:59,251,0,7
BRDA:59,251,1,7
BRDA:59,252,0,0
BRDA:59,252,1,0
BRDA:59,253,0,0
BRDA:59,253,1,0
BRDA:59,254,0,1
BRDA:59,254,1,0
BRDA:59,255,0,1
BRDA:59,255,1,0
BRDA:59,256,0,1
BRDA:59,256,1,1
BRDA:59,257,0,8
BRDA:59,257,1,8
BRDA:59,258,0,1
BRDA:59,258,1,0
BRDA:59,259,0,3
BRDA:59,259,1,1
BRDA:59,260,0,1
BRDA:59,260,1,0
BRDA:59,261,0,1
BRDA:59,261,1,1
BRDA:59,261,2,0
BRDA:59,262,0,0
BRDA:59,262,1,0
BRDA:60,263,0,7
BRDA:60,263,1,7
BRDA:60,264,0,0
BRDA:60,264,1,0
BRDA:60,265,0,1
BRDA:60,265,1,0
BRDA:60,266,0,7
BRDA:60,266,1,0
BRDA:60,267,0,0
BRDA:60,267,1,7
BRDA:60,268,0,1
BRDA:60,268,1,1
BRDA:60,269,0,1
BRDA:60,269,1,1
BRDA:60,270,0,0
BRDA:60,270,1,0
BRDA:60,271,0,0
BRDA:60,271,1,0
BRDA:60,272,0,0
BRDA:60,272,1,0
BRDA:60,273,0,0
BRDA:60,273,1,0
BRDA:60,274,0,0
BRDA:60,274,1,0
BRDA:60,275,0,1
BRDA:60,275,1,1
BRDA:60,276,0,0
BRDA:60,276,1,0
BRDA:60,277,0,0
BRDA:60,277,1,0
BRDA:60,278,0,0
BRDA:60,278,1,0
BRDA:60,278,2,0
BRDA:60,278,3,0
BRDA:60,279,0,0
BRDA:60,279,1,0
BRDA:60,280,0,1
BRDA:60,280,1,1
BRDA:60,280,2,1
BRDA:61,281,0,0
BRDA:61,281,1,0
BRDA:61,282,0,0
BRDA:61,282,1,0
BRDA:61,283,0,0
BRDA:61,283,1,0
BRDA:62,284,0,0
BRDA:62,284,1,0
BRDA:62,285,0,0
BRDA:62,285,1,0
BRDA:62,285,2,0
BRDA:62,286,0,0
BRDA:62,286,1,0
BRDA:62,287,0,0
BRDA:62,287,1,0
BRDA:62,288,0,0
BRDA:62,288,1,0
BRDA:63,289,0,0
BRDA:63,289,1,0
BRDA:63,290,0,0
BRDA:63,290,1,0
BRDA:63,291,0,0
BRDA:63,291,1,0
BRDA:63,292,0,0
BRDA:63,292,1,0
BRDA:63,293,0,0
BRDA:63,293,1,0
BRDA:63,294,0,0
BRDA:63,294,1,0
BRDA:63,294,2,0
BRDA:63,295,0,0
BRDA:63,295,1,0
BRDA:64,296,0,0
BRDA:64,296,1,0
BRDA:64,297,0,0
BRDA:64,297,1,0
BRDA:64,298,0,0
BRDA:64,298,1,0
BRDA:64,299,0,0
BRDA:64,299,1,0
BRDA:64,300,0,1
BRDA:64,300,1,0
BRDA:64,301,0,1
BRDA:64,301,1,1
BRDA:64,302,0,0
BRDA:64,302,1,0
BRDA:64,302,2,0
BRDA:64,303,0,0
BRDA:64,303,1,0
BRDA:64,303,2,0
BRDA:64,304,0,0
BRDA:64,304,1,0
BRDA:64,305,0,0
BRDA:64,305,1,0
BRDA:64,306,0,0
BRDA:64,306,1,0
BRDA:65,307,0,0
BRDA:65,307,1,0
BRDA:65,308,0,0
BRDA:65,308,1,0
BRDA:65,309,0,0
BRDA:65,309,1,0
BRDA:65,310,0,1
BRDA:65,310,1,0
BRDA:65,311,0,0
BRDA:65,311,1,1
BRDA:65,312,0,0
BRDA:65,312,1,0
BRDA:65,313,0,0
BRDA:65,313,1,0
BRDA:65,314,0,2
BRDA:65,314,1,0
BRDA:65,315,0,0
BRDA:65,315,1,0
BRDA:65,316,0,0
BRDA:65,316,1,0
BRDA:66,317,0,1
BRDA:66,317,1,1
BRDA:66,318,0,0
BRDA:66,318,1,1
BRDA:66,319,0,2
BRDA:66,319,1,2
BRDA:66,320,0,1
BRDA:66,320,1,1
BRDA:66,321,0,0
BRDA:66,321,1,2
BRDA:66,322,0,2
BRDA:66,322,1,2
BRDA:67,323,0,0
BRDA:67,323,1,1
BRDA:67,324,0,1
BRDA:67,324,1,1
BRDA:67,325,0,0
BRDA:67,325,1,0
BRDA:67,326,0,2
BRDA:67,326,1,2
BRDA:67,327,0,2
BRDA:67,327,1,2
BRDA:68,328,0,0
BRDA:68,328,1,0
BRDA:68,329,0,0
BRDA:68,329,1,0
BRDA:68,330,0,0
BRDA:68,330,1,0
BRDA:68,331,0,1
BRDA:68,331,1,1
BRDA:68,332,0,0
BRDA:68,332,1,0
BRDA:69,333,0,0
BRDA:69,333,1,0
BRDA:69,334,0,0
BRDA:69,334,1,0
BRDA:69,335,0,0
BRDA:69,335,1,0
BRDA:69,336,0,0
BRDA:69,336,1,0
BRDA:69,337,0,0
BRDA:69,337,1,0
BRDA:69,338,0,0
BRDA:69,338,1,0
BRDA:70,339,0,1
BRDA:70,339,1,1
BRDA:70,340,0,1
BRDA:70,340,1,0
BRDA:70,341,0,1
BRDA:70,341,1,1
BRDA:70,341,2,1
BRDA:70,342,0,1
BRDA:70,342,1,1
BRDA:70,343,0,0
BRDA:70,343,1,4
BRDA:70,344,0,0
BRDA:70,344,1,0
BRDA:70,345,0,0
BRDA:70,345,1,0
BRDA:71,346,0,1
BRDA:71,346,1,0
BRDA:71,347,0,1
BRDA:71,347,1,0
BRDA:71,348,0,0
BRDA:71,348,1,1
BRDA:71,349,0,0
BRDA:71,349,1,0
BRDA:71,350,0,0
BRDA:71,350,1,0
BRDA:71,351,0,0
BRDA:71,351,1,0
BRDA:72,352,0,1
BRDA:72,352,1,0
BRDA:72,353,0,1
BRDA:72,353,1,1
BRDA:72,354,0,1
BRDA:72,354,1,0
BRDA:74,355,0,1
BRDA:74,355,1,0
BRDA:74,356,0,0
BRDA:74,356,1,1
BRDA:74,357,0,1
BRDA:74,357,1,1
BRDA:75,358,0,1
BRDA:75,358,1,0
BRDA:75,359,0,2
BRDA:75,359,1,0
BRDA:75,360,0,2
BRDA:75,360,1,2
BRDA:76,361,0,2
BRDA:76,361,1,1
BRDA:76,362,0,0
BRDA:76,362,1,0
BRDA:76,363,0,1
BRDA:76,363,1,0
BRDA:76,364,0,0
BRDA:76,364,1,1
BRDA:76,365,0,0
BRDA:76,365,1,1
BRDA:76,366,0,1
BRDA:76,366,1,1
BRDA:76,366,2,0
BRDA:77,367,0,0
BRDA:77,367,1,1
BRDA:77,368,0,0
BRDA:77,368,1,0
BRDA:77,369,0,0
BRDA:77,369,1,0
BRDA:77,370,0,0
BRDA:77,370,1,1
BRDA:77,371,0,0
BRDA:77,371,1,6
BRDA:77,372,0,0
BRDA:77,372,1,1
BRDA:77,373,0,1
BRDA:77,373,1,0
BRDA:77,374,0,1
BRDA:77,374,1,0
BRDA:77,375,0,1
BRDA:77,375,1,1
BRDA:77,376,0,1
BRDA:77,376,1,0
BRDA:77,377,0,6
BRDA:77,377,1,6
BRDA:78,378,0,6
BRDA:78,378,1,1
BRDA:78,379,0,0
BRDA:78,379,1,1
BRDA:78,380,0,1
BRDA:78,380,1,1
BRDA:78,381,0,1
BRDA:78,381,1,0
BRF:829
BRH:299
end_of_record
TN:
SF:src/all_async_search_53a31459.js
FN:1,(anonymous_1)
FN:1,i
FN:1,am
FN:1,(anonymous_4)
FN:1,I
FN:1,am
FN:1,(anonymous_7)
FN:2,R
FN:2,ad
FN:2,y
FN:2,ag
FN:2,(anonymous_12)
FN:2,(anonymous_13)
FN:3,S
FN:3,E
FN:3,an
FN:3,(anonymous_17)
FN:3,(anonymous_18)
FN:3,O
FN:3,(anonymous_20)
FN:3,(anonymous_21)
FN:3,(anonymous_22)
FN:3,am
FN:3,(anonymous_24)
FN:4,l
FN:4,al
FN:4,ae
FN:4,(anonymous_28)
FN:4,f
FN:4,D
FN:4,u
FN:4,q
FN:4,(anonymous_33)
FN:4,a
FN:5,(anonymous_35)
FN:5,ao
FN:5,(anonymous_37)
FN:5,j
FN:5,ao
FN:5,F
FN:5,an
FN:5,(anonymous_42)
FN:5,ap
FN:6,(anonymous_44)
FN:6,ap
FN:6,H
FN:6,aj
FN:6,(anonymous_48)
FN:6,(anonymous_49)
FN:6,(anonymous_50)
FN:7,(anonymous_51)
FN:7,Z
FN:7,(anonymous_53)
FN:7,K
FN:7,(anonymous_55)
FN:7,(anonymous_56)
FN:7,(anonymous_57)
FN:7,X
FN:7,an
FN:7,(anonymous_60)
FN:7,(anonymous_61)
FN:7,(anonymous_62)
FN:7,(anonymous_63)
FN:8,(anonymous_64)
FN:8,(anonymous_65)
FN:8,(anonymous_66)
FN:8,af
FN:8,(anonymous_68)
FN:8,(anonymous_69)
FN:8,(anonymous_70)
FN:8,(anonymous_71)
FN:8,k
FN:8,W
FN:8,U
FN:9,t
FN:9,ak
FN:9,Y
FN:9,aa
FN:9,m
FN:9,(anonymous_80)
FN:9,(anonymous_81)
FN:10,(anonymous_82)
FN:10,stringify
FN:10,i
FN:10,(anonymous_85)
FN:10,a
FN:11,(anonymous_87)
FN:11,(anonymous_88)
FN:11,(anonymous_89)
FN:11,(anonymous_90)
FN:12,(anonymous_91)
FN:12,(anonymous_92)
FN:12,(anonymous_93)
FN:12,(anonymous_94)
FN:12,(anonymous_95)
FN:13,addEV
FN:13,_aMC
FN:13,al_c
FN:13,al_c2
FN:13,c
FN:15,(anonymous_101)
FN:15,(anonymous_102)
FN:15,TagQ
FN:16,h
FN:16,setHeadUrl
FN:16,(anonymous_106)
FN:16,(anonymous_107)
FN:16,(anonymous_108)
FN:16,G
FN:16,(anonymous_110)
FN:17,(anonymous_111)
FN:17,(anonymous_112)
FN:17,(anonymous_113)
FN:17,(anonymous_114)
FN:17,(anonymous_115)
FN:17,(anonymous_116)
FN:17,(anonymous_117)
FN:17,(anonymous_118)
FN:17,(anonymous_119)
FN:18,(anonymous_120)
FN:18,(anonymous_121)
FN:18,(anonymous_122)
FN:18,(anonymous_123)
FN:18,(anonymous_124)
FN:18,(anonymous_125)
FN:18,ns_c_pj
FN:19,ns_c
FN:20,(anonymous_128)
FN:20,(anonymous_129)
FN:20,(anonymous_130)
FN:20,(anonymous_131)
FN:20,(anonymous_132)
FN:20,(anonymous_133)
FN:20,(anonymous_134)
FN:20,(anonymous_135)
FN:20,(anonymous_136)
FN:20,(anonymous_137)
FN:20,(anonymous_138)
FN:20,(anonymous_139)
FN:20,(anonymous_140)
FN:21,(anonymous_141)
FN:21,(anonymous_142)
FN:21,(anonymous_143)
FN:21,(anonymous_144)
FN:21,(anonymous_145)
FN:21,(anonymous_146)
FN:21,(anonymous_147)
FN:21,(anonymous_148)
FN:21,(anonymous_149)
FN:21,(anonymous_150)
FN:22,(anonymous_151)
FN:22,(anonymous_152)
FN:22,(anonymous_153)
FN:22,(anonymous_154)
FN:22,(anonymous_155)
FN:22,(anonymous_156)
FN:22,(anonymous_157)
FN:22,(anonymous_158)
FN:23,(anonymous_159)
FN:23,(anonymous_160)
FN:23,(anonymous_161)
FN:23,(anonymous_162)
FN:23,(anonymous_163)
FN:23,(anonymous_164)
FN:23,(anonymous_165)
FN:23,(anonymous_166)
FN:23,(anonymous_167)
FN:23,(anonymous_168)
FN:23,(anonymous_169)
FN:23,(anonymous_170)
FN:23,(anonymous_171)
FN:24,(anonymous_172)
FN:24,(anonymous_173)
FN:24,(anonymous_174)
FN:24,(anonymous_175)
FN:24,(anonymous_176)
FN:24,(anonymous_177)
FN:24,(anonymous_178)
FN:24,(anonymous_179)
FN:24,(anonymous_180)
FN:24,(anonymous_181)
FN:24,(anonymous_182)
FN:24,(anonymous_183)
FN:24,(anonymous_184)
FN:24,(anonymous_185)
FN:24,(anonymous_186)
FN:24,(anonymous_187)
FN:24,(anonymous_188)
FN:24,(anonymous_189)
FN:24,(anonymous_190)
FN:24,(anonymous_191)
FN:24,(anonymous_192)
FN:24,(anonymous_193)
FN:25,a
FN:25,(anonymous_195)
FN:25,o
FN:25,k
FN:25,r
FN:26,(anonymous_199)
FN:26,(anonymous_200)
FN:26,(anonymous_201)
FN:26,(anonymous_202)
FN:26,(anonymous_203)
FN:26,(anonymous_204)
FN:26,(anonymous_205)
FN:26,(anonymous_206)
FN:27,(anonymous_207)
FN:27,(anonymous_208)
FN:27,(anonymous_209)
FN:27,(anonymous_210)
FN:27,(anonymous_211)
FN:27,(anonymous_212)
FN:27,d
FN:28,g
FN:28,b
FN:28,f
FN:28,a
FN:28,escapeHTML
FN:28,initPreload
FN:28,(anonymous_220)
FN:28,K
FN:28,(anonymous_222)
FN:28,(anonymous_223)
FN:29,(anonymous_224)
FN:29,bb
FN:29,(anonymous_226)
FN:29,a7
FN:29,aC
FN:29,br
FN:29,(anonymous_230)
FN:29,(anonymous_231)
FN:30,(anonymous_232)
FN:30,(anonymous_233)
FN:30,(anonymous_234)
FN:30,(anonymous_235)
FN:30,(anonymous_236)
FN:30,u
FN:30,bv
FN:31,by
FN:32,(anonymous_240)
FN:32,bB
FN:32,(anonymous_242)
FN:32,(anonymous_243)
FN:32,bx
FN:32,(anonymous_245)
FN:32,aV
FN:32,q
FN:33,(anonymous_248)
FN:33,(anonymous_249)
FN:33,(anonymous_250)
FN:33,N
FN:33,(anonymous_252)
FN:34,bm
FN:34,(anonymous_254)
FN:34,(anonymous_255)
FN:34,(anonymous_256)
FN:34,(anonymous_257)
FN:34,(anonymous_258)
FN:35,(anonymous_259)
FN:35,(anonymous_260)
FN:35,(anonymous_261)
FN:35,bv
FN:36,(anonymous_263)
FN:36,(anonymous_264)
FN:36,(anonymous_265)
FN:36,(anonymous_266)
FN:36,(anonymous_267)
FN:36,bz
FN:36,(anonymous_269)
FN:36,(anonymous_270)
FN:36,(anonymous_271)
FN:36,(anonymous_272)
FN:37,(anonymous_273)
FN:37,(anonymous_274)
FN:37,(anonymous_275)
FN:37,(anonymous_276)
FN:37,(anonymous_277)
FN:37,(anonymous_278)
FN:37,(anonymous_279)
FN:37,(anonymous_280)
FN:37,(anonymous_281)
FN:37,bx
FN:37,(anonymous_283)
FN:37,(anonymous_284)
FN:38,(anonymous_285)
FN:38,bB
FN:38,bD
FN:38,bC
FN:38,bz
FN:39,(anonymous_290)
FN:39,(anonymous_291)
FN:39,(anonymous_292)
FN:39,(anonymous_293)
FN:39,(anonymous_294)
FN:39,(anonymous_295)
FN:39,(anonymous_296)
FN:39,(anonymous_297)
FN:39,(anonymous_298)
FN:39,(anonymous_299)
FN:39,(anonymous_300)
FN:39,(anonymous_301)
FN:40,(anonymous_302)
FN:40,(anonymous_303)
FN:40,(anonymous_304)
FN:40,(anonymous_305)
FN:40,(anonymous_306)
FN:40,(anonymous_307)
FN:41,(anonymous_308)
FN:41,(anonymous_309)
FN:41,bu
FN:41,(anonymous_311)
FN:42,W
FN:42,(anonymous_313)
FN:42,(anonymous_314)
FN:42,(anonymous_315)
FN:43,(anonymous_316)
FN:43,(anonymous_317)
FN:43,(anonymous_318)
FN:43,(anonymous_319)
FN:44,(anonymous_320)
FN:44,(anonymous_321)
FN:44,(anonymous_322)
FN:44,(anonymous_323)
FN:44,bz
FN:45,(anonymous_325)
FN:45,(anonymous_326)
FN:45,(anonymous_327)
FN:45,(anonymous_328)
FN:46,(anonymous_329)
FN:46,aJ
FN:46,bF
FN:46,bO
FN:46,bH
FN:46,bG
FN:46,bM
FN:46,(anonymous_336)
FN:46,bL
FN:47,bD
FN:47,bT
FN:47,bI
FN:47,(anonymous_341)
FN:47,bB
FN:47,bP
FN:47,bR
FN:48,(anonymous_345)
FN:48,bu
FN:48,(anonymous_347)
FN:48,bK
FN:48,bE
FN:49,bx
FN:49,bS
FN:49,(anonymous_352)
FN:49,bw
FN:49,(anonymous_354)
FN:49,bC
FN:49,bx
FN:50,bB
FN:50,bE
FN:50,bz
FN:51,(anonymous_360)
FN:51,(anonymous_361)
FN:51,(anonymous_362)
FN:51,(anonymous_363)
FN:51,(anonymous_364)
FN:51,(anonymous_365)
FN:51,(anonymous_366)
FN:51,(anonymous_367)
FN:52,(anonymous_368)
FN:52,(anonymous_369)
FN:53,(anonymous_370)
FN:53,(anonymous_371)
FN:53,(anonymous_372)
FN:54,aS
FN:54,aX
FN:54,(anonymous_375)
FN:55,(anonymous_376)
FN:55,(anonymous_377)
FN:55,(anonymous_378)
FN:55,(anonymous_379)
FN:55,(anonymous_380)
FN:55,(anonymous_381)
FN:56,(anonymous_382)
FN:56,(anonymous_383)
FN:56,(anonymous_384)
FN:56,(anonymous_385)
FN:56,(anonymous_386)
FN:57,D
FN:57,(anonymous_388)
FN:57,(anonymous_389)
FN:57,(anonymous_390)
FN:57,(anonymous_391)
FN:57,(anonymous_392)
FN:57,(anonymous_393)
FN:57,(anonymous_394)
FN:57,(anonymous_395)
FN:57,(anonymous_396)
FN:58,J
FN:58,(anonymous_398)
FN:58,(anonymous_399)
FN:58,ao
FN:58,(anonymous_401)
FN:59,(anonymous_402)
FN:59,(anonymous_403)
FN:60,(anonymous_404)
FN:60,(anonymous_405)
FN:60,(anonymous_406)
FN:60,(anonymous_407)
FN:60,(anonymous_408)
FN:60,(anonymous_409)
FN:60,(anonymous_410)
FN:61,(anonymous_411)
FN:61,(anonymous_412)
FN:61,(anonymous_413)
FN:61,(anonymous_414)
FN:61,(anonymous_415)
FN:61,(anonymous_416)
FN:61,(anonymous_417)
FN:61,(anonymous_418)
FN:61,(anonymous_419)
FN:62,a4
FN:62,(anonymous_421)
FN:62,(anonymous_422)
FN:63,aE
FN:63,i
FN:63,O
FN:63,(anonymous_426)
FN:63,(anonymous_427)
FN:63,(anonymous_428)
FN:63,aY
FN:63,(anonymous_430)
FN:63,(anonymous_431)
FN:64,(anonymous_432)
FN:64,(anonymous_433)
FN:64,(anonymous_434)
FN:64,(anonymous_435)
FN:64,(anonymous_436)
FN:64,(anonymous_437)
FN:64,(anonymous_438)
FN:65,(anonymous_439)
FN:65,(anonymous_440)
FN:66,(anonymous_441)
FN:66,Z
FN:66,(anonymous_443)
FN:66,(anonymous_444)
FN:66,(anonymous_445)
FN:66,(anonymous_446)
FN:67,(anonymous_447)
FN:67,(anonymous_448)
FN:67,(anonymous_449)
FN:67,(anonymous_450)
FN:67,(anonymous_451)
FN:67,(anonymous_452)
FN:67,(anonymous_453)
FN:67,(anonymous_454)
FN:68,bf
FN:68,(anonymous_456)
FN:68,(anonymous_457)
FN:68,(anonymous_458)
FN:68,(anonymous_459)
FN:68,an
FN:68,x
FN:68,(anonymous_462)
FN:69,(anonymous_463)
FN:69,(anonymous_464)
FN:70,(anonymous_465)
FN:70,(anonymous_466)
FN:70,(anonymous_467)
FN:71,(anonymous_468)
FN:71,(anonymous_469)
FN:71,(anonymous_470)
FN:71,(anonymous_471)
FN:71,(anonymous_472)
FN:71,aK
FN:71,(anonymous_474)
FN:72,w
FN:73,(anonymous_476)
FN:73,aR
FN:73,(anonymous_478)
FN:73,bs
FN:73,al
FN:73,(anonymous_481)
FN:73,(anonymous_482)
FN:73,j
FN:74,(anonymous_484)
FN:74,(anonymous_485)
FN:74,(anonymous_486)
FN:75,(anonymous_487)
FN:75,(anonymous_488)
FN:75,(anonymous_489)
FN:77,(anonymous_490)
FN:78,(anonymous_491)
FN:78,(anonymous_492)
FN:78,(anonymous_493)
FN:78,bo
FN:78,(anonymous_495)
FN:79,t
FN:79,(anonymous_497)
FN:79,(anonymous_498)
FN:79,(anonymous_499)
FN:79,(anonymous_500)
FN:79,az
FN:79,(anonymous_502)
FN:79,(anonymous_503)
FN:79,(anonymous_504)
FN:80,(anonymous_505)
FN:80,(anonymous_506)
FN:80,(anonymous_507)
FN:80,ba
FN:80,r
FN:80,aF
FN:81,(anonymous_511)
FN:81,bu
FN:81,(anonymous_513)
FN:81,(anonymous_514)
FN:82,(anonymous_515)
FN:82,(anonymous_516)
FN:82,(anonymous_517)
FN:82,(anonymous_518)
FN:82,(anonymous_519)
FN:82,(anonymous_520)
FN:82,(anonymous_521)
FN:82,(anonymous_522)
FN:82,(anonymous_523)
FN:82,clickDebug
FN:82,(anonymous_525)
FN:83,(anonymous_526)
FN:83,(anonymous_527)
FN:83,bindP5
FN:83,(anonymous_529)
FN:83,(anonymous_530)
FN:83,(anonymous_531)
FN:83,(anonymous_532)
FN:84,getXPath
FN:84,bindLogEvent
FN:84,(anonymous_535)
FN:85,(anonymous_536)
FN:85,getType
FN:85,check
FN:86,log
FN:88,(anonymous_540)
FN:88,(anonymous_541)
FN:88,(anonymous_542)
FN:88,(anonymous_543)
FN:88,(anonymous_544)
FN:88,addEV
FN:88,(anonymous_546)
FN:88,(anonymous_547)
FN:89,(anonymous_548)
FN:89,(anonymous_549)
FN:89,(anonymous_550)
FN:89,(anonymous_551)
FN:89,(anonymous_552)
FN:89,(anonymous_553)
FN:89,(anonymous_554)
FN:90,(anonymous_555)
FN:90,(anonymous_556)
FN:91,(anonymous_557)
FN:91,(anonymous_558)
FN:91,(anonymous_559)
FN:91,(anonymous_560)
FN:91,(anonymous_561)
FN:91,(anonymous_562)
FN:91,(anonymous_563)
FN:92,(anonymous_564)
FN:92,(anonymous_565)
FN:92,(anonymous_566)
FN:92,(anonymous_567)
FN:92,(anonymous_568)
FN:93,(anonymous_569)
FN:93,(anonymous_570)
FN:93,(anonymous_571)
FN:93,(anonymous_572)
FN:93,(anonymous_573)
FN:93,(anonymous_574)
FN:93,(anonymous_575)
FN:93,(anonymous_576)
FN:93,(anonymous_577)
FN:93,(anonymous_578)
FN:94,(anonymous_579)
FN:94,(anonymous_580)
FN:94,(anonymous_581)
FN:95,(anonymous_582)
FN:95,(anonymous_583)
FN:95,(anonymous_584)
FN:95,(anonymous_585)
FN:96,(anonymous_586)
FN:96,(anonymous_587)
FN:96,(anonymous_588)
FN:96,(anonymous_589)
FN:96,(anonymous_590)
FN:96,(anonymous_591)
FN:96,(anonymous_592)
FN:96,(anonymous_593)
FN:96,(anonymous_594)
FN:97,f
FN:98,user_c
FN:98,initPassV3
FN:98,(anonymous_598)
FN:99,(anonymous_599)
FN:99,(anonymous_600)
FN:99,(anonymous_601)
FN:99,(anonymous_602)
FN:99,(anonymous_603)
FN:99,(anonymous_604)
FN:99,(anonymous_605)
FN:99,(anonymous_606)
FN:99,(anonymous_607)
FN:99,(anonymous_608)
FN:99,(anonymous_609)
FN:99,(anonymous_610)
FN:99,(anonymous_611)
FN:99,(anonymous_612)
FN:100,(anonymous_613)
FN:100,(anonymous_614)
FN:100,(anonymous_615)
FN:100,(anonymous_616)
FN:100,(anonymous_617)
FN:100,isp_hijack
FN:101,(anonymous_619)
FN:101,(anonymous_620)
FN:101,(anonymous_621)
FN:101,(anonymous_622)
FN:101,a
FN:103,(anonymous_624)
FN:103,(anonymous_625)
FN:103,(anonymous_626)
FN:103,(anonymous_627)
FN:103,(anonymous_628)
FN:103,(anonymous_629)
FN:103,(anonymous_630)
FN:103,(anonymous_631)
FN:103,(anonymous_632)
FN:104,(anonymous_633)
FN:104,(anonymous_634)
FN:105,(anonymous_635)
FN:105,(anonymous_636)
FN:105,(anonymous_637)
FN:105,(anonymous_638)
FN:105,(anonymous_639)
FN:105,(anonymous_640)
FN:105,(anonymous_641)
FN:105,(anonymous_642)
FN:107,(anonymous_643)
FN:107,(anonymous_644)
FN:107,(anonymous_645)
FN:107,(anonymous_646)
FN:107,(anonymous_647)
FN:107,(anonymous_648)
FN:108,(anonymous_649)
FN:108,(anonymous_650)
FN:108,(anonymous_651)
FN:108,(anonymous_652)
FN:108,(anonymous_653)
FN:108,(anonymous_654)
FN:108,(anonymous_655)
FN:108,(anonymous_656)
FN:108,(anonymous_657)
FN:108,(anonymous_658)
FN:108,(anonymous_659)
FN:108,(anonymous_660)
FN:108,(anonymous_661)
FN:108,(anonymous_662)
FN:109,(anonymous_663)
FN:109,(anonymous_664)
FN:110,(anonymous_665)
FN:110,(anonymous_666)
FN:110,(anonymous_667)
FN:111,(anonymous_668)
FN:111,(anonymous_669)
FN:111,(anonymous_670)
FN:111,(anonymous_671)
FN:111,(anonymous_672)
FN:111,(anonymous_673)
FN:112,o
FN:112,(anonymous_675)
FN:112,(anonymous_676)
FN:112,(anonymous_677)
FN:112,(anonymous_678)
FN:112,(anonymous_679)
FN:112,(anonymous_680)
FN:112,(anonymous_681)
FN:113,(anonymous_682)
FN:113,(anonymous_683)
FN:113,(anonymous_684)
FN:113,(anonymous_685)
FN:113,(anonymous_686)
FN:113,(anonymous_687)
FN:113,(anonymous_688)
FN:113,(anonymous_689)
FN:114,(anonymous_690)
FN:114,(anonymous_691)
FN:115,(anonymous_692)
FN:115,(anonymous_693)
FN:115,(anonymous_694)
FN:115,(anonymous_695)
FN:115,(anonymous_696)
FN:115,(anonymous_697)
FN:115,(anonymous_698)
FN:116,(anonymous_699)
FN:116,(anonymous_700)
FN:116,(anonymous_701)
FN:116,(anonymous_702)
FN:117,(anonymous_703)
FN:117,a
FN:117,(anonymous_705)
FN:117,(anonymous_706)
FN:117,r
FN:117,(anonymous_708)
FN:118,(anonymous_709)
FN:118,j
FN:118,b
FN:118,(anonymous_712)
FN:118,f
FN:118,g
FN:119,i
FN:119,l
FN:119,(anonymous_717)
FN:119,(anonymous_718)
FN:119,(anonymous_719)
FN:119,(anonymous_720)
FN:120,(anonymous_721)
FN:120,(anonymous_722)
FN:120,(anonymous_723)
FN:120,a
FN:120,isbase64
FN:121,L
FN:121,(anonymous_727)
FN:121,(anonymous_728)
FN:121,P
FN:121,(anonymous_730)
FN:121,(anonymous_731)
FN:121,(anonymous_732)
FN:121,C
FN:122,a
FN:122,k
FN:122,(anonymous_736)
FN:122,(anonymous_737)
FN:122,r
FN:122,(anonymous_739)
FN:122,(anonymous_740)
FN:123,(anonymous_741)
FN:123,(anonymous_742)
FN:123,i
FN:123,(anonymous_744)
FN:123,z
FN:123,(anonymous_746)
FN:123,(anonymous_747)
FN:123,(anonymous_748)
FN:123,(anonymous_749)
FN:123,(anonymous_750)
FN:123,(anonymous_751)
FN:123,(anonymous_752)
FN:123,(anonymous_753)
FN:123,(anonymous_754)
FN:123,(anonymous_755)
FN:124,(anonymous_756)
FN:124,(anonymous_757)
FN:124,(anonymous_758)
FN:124,a
FN:124,(anonymous_760)
FN:124,(anonymous_761)
FN:124,b
FN:124,(anonymous_763)
FN:124,(anonymous_764)
FN:124,(anonymous_765)
FN:124,(anonymous_766)
FN:125,(anonymous_767)
FN:125,(anonymous_768)
FN:125,(anonymous_769)
FN:126,(anonymous_770)
FN:126,(anonymous_771)
FN:126,(anonymous_772)
FN:126,(anonymous_773)
FN:126,(anonymous_774)
FN:126,(anonymous_775)
FN:126,(anonymous_776)
FN:127,(anonymous_777)
FN:127,m
FN:127,(anonymous_779)
FN:128,(anonymous_780)
FN:128,(anonymous_781)
FN:129,l
FN:129,(anonymous_783)
FN:130,(anonymous_784)
FN:130,(anonymous_785)
FN:130,(anonymous_786)
FN:130,(anonymous_787)
FN:130,(anonymous_788)
FN:131,(anonymous_789)
FN:131,(anonymous_790)
FN:131,(anonymous_791)
FN:131,(anonymous_792)
FN:131,(anonymous_793)
FN:131,a
FN:132,(anonymous_795)
FN:133,(anonymous_796)
FN:133,(anonymous_797)
FN:133,(anonymous_798)
FN:133,(anonymous_799)
FN:133,(anonymous_800)
FN:134,(anonymous_801)
FN:134,(anonymous_802)
FN:134,g
FN:134,(anonymous_804)
FN:134,(anonymous_805)
FN:134,(anonymous_806)
FN:134,(anonymous_807)
FN:134,(anonymous_808)
FN:135,(anonymous_809)
FN:135,(anonymous_810)
FN:135,(anonymous_811)
FN:135,(anonymous_812)
FN:135,(anonymous_813)
FN:135,(anonymous_814)
FN:136,(anonymous_815)
FN:137,(anonymous_816)
FN:137,(anonymous_817)
FN:137,(anonymous_818)
FN:138,g
FN:138,(anonymous_820)
FN:138,(anonymous_821)
FN:139,(anonymous_822)
FN:139,(anonymous_823)
FN:139,(anonymous_824)
FN:139,(anonymous_825)
FN:139,(anonymous_826)
FN:139,(anonymous_827)
FN:139,(anonymous_828)
FN:139,(anonymous_829)
FN:139,(anonymous_830)
FN:139,(anonymous_831)
FN:139,(anonymous_832)
FN:140,(anonymous_833)
FN:140,(anonymous_834)
FN:140,(anonymous_835)
FN:140,(anonymous_836)
FN:140,(anonymous_837)
FN:140,(anonymous_838)
FN:140,(anonymous_839)
FN:141,(anonymous_840)
FN:141,(anonymous_841)
FN:141,(anonymous_842)
FN:141,(anonymous_843)
FN:141,(anonymous_844)
FN:141,(anonymous_845)
FN:141,(anonymous_846)
FN:142,(anonymous_847)
FN:142,(anonymous_848)
FN:142,(anonymous_849)
FN:142,(anonymous_850)
FN:142,(anonymous_851)
FN:142,(anonymous_852)
FN:142,(anonymous_853)
FN:142,(anonymous_854)
FN:142,(anonymous_855)
FN:142,(anonymous_856)
FN:142,(anonymous_857)
FN:143,(anonymous_858)
FN:143,(anonymous_859)
FN:144,(anonymous_860)
FN:144,(anonymous_861)
FN:145,save
FN:145,(anonymous_863)
FN:146,set
FN:146,get
FN:146,writeCookie
FN:146,writeBAIDUID
FN:147,clearCookie
FN:147,reset
FN:148,(anonymous_870)
FN:148,(anonymous_871)
FN:148,(anonymous_872)
FN:148,(anonymous_873)
FN:148,(anonymous_874)
FN:148,(anonymous_875)
FN:148,(anonymous_876)
FN:148,(anonymous_877)
FN:148,(anonymous_878)
FN:148,a
FN:148,b
FN:149,(anonymous_881)
FN:149,(anonymous_882)
FN:149,(anonymous_883)
FN:149,(anonymous_884)
FN:149,f
FN:149,(anonymous_886)
FN:149,(anonymous_887)
FN:149,d
FN:149,(anonymous_889)
FN:149,(anonymous_890)
FN:149,f
FN:149,d
FN:150,m
FN:150,(anonymous_894)
FN:150,(anonymous_895)
FN:150,(anonymous_896)
FN:150,(anonymous_897)
FN:150,(anonymous_898)
FN:150,(anonymous_899)
FN:150,(anonymous_900)
FN:150,(anonymous_901)
FN:150,(anonymous_902)
FN:151,(anonymous_903)
FN:151,(anonymous_904)
FN:151,(anonymous_905)
FN:151,(anonymous_906)
FN:151,(anonymous_907)
FN:151,(anonymous_908)
FN:151,(anonymous_909)
FN:151,(anonymous_910)
FN:151,(anonymous_911)
FN:152,(anonymous_912)
FN:152,(anonymous_913)
FN:152,(anonymous_914)
FN:152,formatDate
FN:152,(anonymous_916)
FN:153,baseChangeUrl
FN:153,langChangeUrl
FN:153,advChangeUrl
FN:154,fileChangeUrl
FN:154,queryReplace
FN:154,extChangeUrl
FN:154,(anonymous_923)
FN:154,(anonymous_924)
FN:155,(anonymous_925)
FN:155,(anonymous_926)
FN:155,(anonymous_927)
FN:155,(anonymous_928)
FN:159,(anonymous_929)
FN:159,(anonymous_930)
FN:160,(anonymous_931)
FN:160,(anonymous_932)
FN:160,(anonymous_933)
FN:160,(anonymous_934)
FN:161,(anonymous_935)
FN:161,(anonymous_936)
FN:161,y
FN:161,(anonymous_938)
FN:163,(anonymous_939)
FN:163,(anonymous_940)
FN:164,(anonymous_941)
FN:164,(anonymous_942)
FN:164,(anonymous_943)
FN:165,(anonymous_944)
FN:165,(anonymous_945)
FN:165,(anonymous_946)
FN:166,(anonymous_947)
FN:166,(anonymous_948)
FN:166,(anonymous_949)
FN:166,(anonymous_950)
FN:167,(anonymous_951)
FN:167,(anonymous_952)
FN:167,(anonymous_953)
FN:167,(anonymous_954)
FN:167,a
FN:167,(anonymous_956)
FN:167,(anonymous_957)
FN:167,(anonymous_958)
FN:167,f
FN:167,(anonymous_960)
FN:168,(anonymous_961)
FN:168,(anonymous_962)
FN:168,(anonymous_963)
FN:168,(anonymous_964)
FN:168,(anonymous_965)
FN:168,(anonymous_966)
FN:168,a
FN:168,(anonymous_968)
FN:168,(anonymous_969)
FN:169,(anonymous_970)
FN:169,(anonymous_971)
FN:169,(anonymous_972)
FN:169,(anonymous_973)
FN:169,(anonymous_974)
FN:169,(anonymous_975)
FN:170,(anonymous_976)
FN:170,r
FN:170,l
FN:170,q
FN:170,i
FN:171,t
FN:171,n
FN:171,(anonymous_983)
FN:171,b
FN:171,(anonymous_985)
FN:171,p
FN:171,(anonymous_987)
FN:172,(anonymous_988)
FN:172,a
FN:172,(anonymous_990)
FN:172,(anonymous_991)
FN:172,(anonymous_992)
FN:172,(anonymous_993)
FN:172,(anonymous_994)
FN:172,(anonymous_995)
FN:172,(anonymous_996)
FN:172,(anonymous_997)
FN:172,(anonymous_998)
FN:173,(anonymous_999)
FN:173,(anonymous_1000)
FN:173,(anonymous_1001)
FN:173,(anonymous_1002)
FN:174,(anonymous_1003)
FN:174,g
FN:174,(anonymous_1005)
FN:174,b
FN:174,(anonymous_1007)
FN:174,(anonymous_1008)
FN:174,(anonymous_1009)
FN:175,(anonymous_1010)
FN:175,(anonymous_1011)
FN:175,(anonymous_1012)
FN:175,(anonymous_1013)
FN:175,(anonymous_1014)
FN:175,(anonymous_1015)
FN:175,(anonymous_1016)
FN:175,(anonymous_1017)
FN:176,(anonymous_1018)
FN:176,(anonymous_1019)
FN:176,(anonymous_1020)
FN:176,(anonymous_1021)
FN:176,(anonymous_1022)
FN:176,(anonymous_1023)
FN:177,(anonymous_1024)
FN:177,(anonymous_1025)
FN:177,(anonymous_1026)
FN:177,(anonymous_1027)
FN:178,(anonymous_1028)
FN:178,(anonymous_1029)
FN:178,(anonymous_1030)
FN:178,(anonymous_1031)
FN:178,(anonymous_1032)
FN:178,(anonymous_1033)
FN:179,(anonymous_1034)
FN:179,(anonymous_1035)
FN:179,(anonymous_1036)
FN:179,(anonymous_1037)
FN:179,(anonymous_1038)
FN:179,(anonymous_1039)
FN:180,o
FN:181,(anonymous_1041)
FN:182,(anonymous_1042)
FN:183,(anonymous_1043)
FN:183,(anonymous_1044)
FN:184,(anonymous_1045)
FN:184,(anonymous_1046)
FN:184,(anonymous_1047)
FN:184,(anonymous_1048)
FN:184,(anonymous_1049)
FN:184,(anonymous_1050)
FN:185,(anonymous_1051)
FN:185,(anonymous_1052)
FN:186,(anonymous_1053)
FN:186,(anonymous_1054)
FN:186,(anonymous_1055)
FN:187,(anonymous_1056)
FN:187,(anonymous_1057)
FN:187,(anonymous_1058)
FN:187,(anonymous_1059)
FN:187,(anonymous_1060)
FN:187,(anonymous_1061)
FN:188,(anonymous_1062)
FN:188,(anonymous_1063)
FN:188,(anonymous_1064)
FN:188,(anonymous_1065)
FN:188,(anonymous_1066)
FN:188,(anonymous_1067)
FN:189,(anonymous_1068)
FN:189,(anonymous_1069)
FN:189,(anonymous_1070)
FN:189,(anonymous_1071)
FN:189,(anonymous_1072)
FN:189,(anonymous_1073)
FN:190,(anonymous_1074)
FN:191,(anonymous_1075)
FN:191,(anonymous_1076)
FN:191,(anonymous_1077)
FN:191,(anonymous_1078)
FN:191,(anonymous_1079)
FN:191,(anonymous_1080)
FN:192,(anonymous_1081)
FN:192,(anonymous_1082)
FN:192,(anonymous_1083)
FN:192,(anonymous_1084)
FN:192,b
FN:192,(anonymous_1086)
FN:192,(anonymous_1087)
FN:192,(anonymous_1088)
FN:193,(anonymous_1089)
FN:193,(anonymous_1090)
FN:193,(anonymous_1091)
FN:193,(anonymous_1092)
FN:194,a
FN:194,(anonymous_1094)
FN:194,(anonymous_1095)
FN:194,(anonymous_1096)
FN:194,(anonymous_1097)
FN:194,(anonymous_1098)
FNF:1098
FNH:440
FNDA:1,(anonymous_1)
FNDA:2,i
FNDA:4,am
FNDA:4,(anonymous_4)
FNDA:0,I
FNDA:0,am
FNDA:0,(anonymous_7)
FNDA:4,R
FNDA:0,ad
FNDA:4,y
FNDA:13,ag
FNDA:0,(anonymous_12)
FNDA:0,(anonymous_13)
FNDA:5,S
FNDA:11,E
FNDA:11,an
FNDA:0,(anonymous_17)
FNDA:0,(anonymous_18)
FNDA:3,O
FNDA:0,(anonymous_20)
FNDA:0,(anonymous_21)
FNDA:0,(anonymous_22)
FNDA:3,am
FNDA:0,(anonymous_24)
FNDA:50,l
FNDA:11,al
FNDA:7,ae
FNDA:8,(anonymous_28)
FNDA:4,f
FNDA:3,D
FNDA:8,u
FNDA:3,q
FNDA:0,(anonymous_33)
FNDA:7,a
FNDA:4,(anonymous_35)
FNDA:11,ao
FNDA:14,(anonymous_37)
FNDA:4,j
FNDA:3,ao
FNDA:0,F
FNDA:0,an
FNDA:0,(anonymous_42)
FNDA:0,ap
FNDA:5,(anonymous_44)
FNDA:2,ap
FNDA:24,H
FNDA:6,aj
FNDA:0,(anonymous_48)
FNDA:10,(anonymous_49)
FNDA:0,(anonymous_50)
FNDA:0,(anonymous_51)
FNDA:14,Z
FNDA:22,(anonymous_53)
FNDA:3,K
FNDA:3,(anonymous_55)
FNDA:0,(anonymous_56)
FNDA:0,(anonymous_57)
FNDA:5,X
FNDA:2,an
FNDA:4,(anonymous_60)
FNDA:4,(anonymous_61)
FNDA:0,(anonymous_62)
FNDA:0,(anonymous_63)
FNDA:2,(anonymous_64)
FNDA:4,(anonymous_65)
FNDA:0,(anonymous_66)
FNDA:4,af
FNDA:8,(anonymous_68)
FNDA:0,(anonymous_69)
FNDA:0,(anonymous_70)
FNDA:0,(anonymous_71)
FNDA:4,k
FNDA:8,W
FNDA:24,U
FNDA:0,t
FNDA:3,ak
FNDA:64,Y
FNDA:83,aa
FNDA:115,m
FNDA:0,(anonymous_80)
FNDA:1,(anonymous_81)
FNDA:1,(anonymous_82)
FNDA:17,stringify
FNDA:0,i
FNDA:0,(anonymous_85)
FNDA:0,a
FNDA:0,(anonymous_87)
FNDA:0,(anonymous_88)
FNDA:0,(anonymous_89)
FNDA:0,(anonymous_90)
FNDA:3,(anonymous_91)
FNDA:1,(anonymous_92)
FNDA:2,(anonymous_93)
FNDA:0,(anonymous_94)
FNDA:14,(anonymous_95)
FNDA:0,addEV
FNDA:0,_aMC
FNDA:0,al_c
FNDA:0,al_c2
FNDA:1,c
FNDA:0,(anonymous_101)
FNDA:1,(anonymous_102)
FNDA:0,TagQ
FNDA:0,h
FNDA:0,setHeadUrl
FNDA:0,(anonymous_106)
FNDA:0,(anonymous_107)
FNDA:0,(anonymous_108)
FNDA:0,G
FNDA:3,(anonymous_110)
FNDA:0,(anonymous_111)
FNDA:0,(anonymous_112)
FNDA:0,(anonymous_113)
FNDA:0,(anonymous_114)
FNDA:1,(anonymous_115)
FNDA:13,(anonymous_116)
FNDA:2,(anonymous_117)
FNDA:12,(anonymous_118)
FNDA:2,(anonymous_119)
FNDA:1,(anonymous_120)
FNDA:1,(anonymous_121)
FNDA:3,(anonymous_122)
FNDA:7,(anonymous_123)
FNDA:7,(anonymous_124)
FNDA:4,(anonymous_125)
FNDA:0,ns_c_pj
FNDA:0,ns_c
FNDA:1,(anonymous_128)
FNDA:6,(anonymous_129)
FNDA:0,(anonymous_130)
FNDA:0,(anonymous_131)
FNDA:0,(anonymous_132)
FNDA:4,(anonymous_133)
FNDA:1,(anonymous_134)
FNDA:3,(anonymous_135)
FNDA:1,(anonymous_136)
FNDA:1,(anonymous_137)
FNDA:1,(anonymous_138)
FNDA:4,(anonymous_139)
FNDA:4,(anonymous_140)
FNDA:0,(anonymous_141)
FNDA:0,(anonymous_142)
FNDA:12,(anonymous_143)
FNDA:0,(anonymous_144)
FNDA:0,(anonymous_145)
FNDA:0,(anonymous_146)
FNDA:0,(anonymous_147)
FNDA:0,(anonymous_148)
FNDA:0,(anonymous_149)
FNDA:0,(anonymous_150)
FNDA:4,(anonymous_151)
FNDA:0,(anonymous_152)
FNDA:0,(anonymous_153)
FNDA:0,(anonymous_154)
FNDA:0,(anonymous_155)
FNDA:1,(anonymous_156)
FNDA:4,(anonymous_157)
FNDA:4,(anonymous_158)
FNDA:4,(anonymous_159)
FNDA:4,(anonymous_160)
FNDA:1,(anonymous_161)
FNDA:0,(anonymous_162)
FNDA:0,(anonymous_163)
FNDA:0,(anonymous_164)
FNDA:0,(anonymous_165)
FNDA:0,(anonymous_166)
FNDA:0,(anonymous_167)
FNDA:0,(anonymous_168)
FNDA:0,(anonymous_169)
FNDA:0,(anonymous_170)
FNDA:0,(anonymous_171)
FNDA:0,(anonymous_172)
FNDA:0,(anonymous_173)
FNDA:0,(anonymous_174)
FNDA:0,(anonymous_175)
FNDA:0,(anonymous_176)
FNDA:0,(anonymous_177)
FNDA:0,(anonymous_178)
FNDA:0,(anonymous_179)
FNDA:0,(anonymous_180)
FNDA:0,(anonymous_181)
FNDA:0,(anonymous_182)
FNDA:0,(anonymous_183)
FNDA:0,(anonymous_184)
FNDA:0,(anonymous_185)
FNDA:0,(anonymous_186)
FNDA:0,(anonymous_187)
FNDA:0,(anonymous_188)
FNDA:0,(anonymous_189)
FNDA:0,(anonymous_190)
FNDA:0,(anonymous_191)
FNDA:1,(anonymous_192)
FNDA:1,(anonymous_193)
FNDA:0,a
FNDA:0,(anonymous_195)
FNDA:0,o
FNDA:0,k
FNDA:0,r
FNDA:0,(anonymous_199)
FNDA:0,(anonymous_200)
FNDA:0,(anonymous_201)
FNDA:0,(anonymous_202)
FNDA:0,(anonymous_203)
FNDA:1,(anonymous_204)
FNDA:0,(anonymous_205)
FNDA:0,(anonymous_206)
FNDA:0,(anonymous_207)
FNDA:0,(anonymous_208)
FNDA:0,(anonymous_209)
FNDA:1,(anonymous_210)
FNDA:1,(anonymous_211)
FNDA:1,(anonymous_212)
FNDA:3,d
FNDA:0,g
FNDA:1,b
FNDA:0,f
FNDA:4,a
FNDA:0,escapeHTML
FNDA:1,initPreload
FNDA:0,(anonymous_220)
FNDA:0,K
FNDA:1,(anonymous_222)
FNDA:1,(anonymous_223)
FNDA:1,(anonymous_224)
FNDA:2,bb
FNDA:30,(anonymous_226)
FNDA:3,a7
FNDA:7,aC
FNDA:3,br
FNDA:0,(anonymous_230)
FNDA:1,(anonymous_231)
FNDA:1,(anonymous_232)
FNDA:10,(anonymous_233)
FNDA:1,(anonymous_234)
FNDA:6,(anonymous_235)
FNDA:0,(anonymous_236)
FNDA:1,u
FNDA:0,bv
FNDA:0,by
FNDA:0,(anonymous_240)
FNDA:0,bB
FNDA:0,(anonymous_242)
FNDA:0,(anonymous_243)
FNDA:0,bx
FNDA:0,(anonymous_245)
FNDA:1,aV
FNDA:484,q
FNDA:1,(anonymous_248)
FNDA:13,(anonymous_249)
FNDA:0,(anonymous_250)
FNDA:2,N
FNDA:9,(anonymous_252)
FNDA:20,bm
FNDA:1,(anonymous_254)
FNDA:6,(anonymous_255)
FNDA:0,(anonymous_256)
FNDA:19,(anonymous_257)
FNDA:0,(anonymous_258)
FNDA:0,(anonymous_259)
FNDA:0,(anonymous_260)
FNDA:1,(anonymous_261)
FNDA:8,bv
FNDA:8,(anonymous_263)
FNDA:6,(anonymous_264)
FNDA:5,(anonymous_265)
FNDA:0,(anonymous_266)
FNDA:6,(anonymous_267)
FNDA:6,bz
FNDA:5,(anonymous_269)
FNDA:0,(anonymous_270)
FNDA:0,(anonymous_271)
FNDA:0,(anonymous_272)
FNDA:6,(anonymous_273)
FNDA:8,(anonymous_274)
FNDA:4,(anonymous_275)
FNDA:0,(anonymous_276)
FNDA:0,(anonymous_277)
FNDA:0,(anonymous_278)
FNDA:0,(anonymous_279)
FNDA:0,(anonymous_280)
FNDA:1,(anonymous_281)
FNDA:1,bx
FNDA:1,(anonymous_283)
FNDA:0,(anonymous_284)
FNDA:0,(anonymous_285)
FNDA:4,bB
FNDA:0,bD
FNDA:0,bC
FNDA:1,bz
FNDA:1,(anonymous_290)
FNDA:1,(anonymous_291)
FNDA:2,(anonymous_292)
FNDA:1,(anonymous_293)
FNDA:1,(anonymous_294)
FNDA:1,(anonymous_295)
FNDA:0,(anonymous_296)
FNDA:0,(anonymous_297)
FNDA:0,(anonymous_298)
FNDA:0,(anonymous_299)
FNDA:4,(anonymous_300)
FNDA:0,(anonymous_301)
FNDA:0,(anonymous_302)
FNDA:1,(anonymous_303)
FNDA:1,(anonymous_304)
FNDA:0,(anonymous_305)
FNDA:1,(anonymous_306)
FNDA:1,(anonymous_307)
FNDA:0,(anonymous_308)
FNDA:0,(anonymous_309)
FNDA:0,bu
FNDA:0,(anonymous_311)
FNDA:10,W
FNDA:1,(anonymous_313)
FNDA:5,(anonymous_314)
FNDA:6,(anonymous_315)
FNDA:0,(anonymous_316)
FNDA:1,(anonymous_317)
FNDA:8,(anonymous_318)
FNDA:4,(anonymous_319)
FNDA:477,(anonymous_320)
FNDA:7,(anonymous_321)
FNDA:0,(anonymous_322)
FNDA:10,(anonymous_323)
FNDA:9,bz
FNDA:1,(anonymous_325)
FNDA:5,(anonymous_326)
FNDA:0,(anonymous_327)
FNDA:0,(anonymous_328)
FNDA:0,(anonymous_329)
FNDA:6,aJ
FNDA:33,bF
FNDA:39,bO
FNDA:0,bH
FNDA:0,bG
FNDA:6,bM
FNDA:0,(anonymous_336)
FNDA:12,bL
FNDA:0,bD
FNDA:8,bT
FNDA:2,bI
FNDA:0,(anonymous_341)
FNDA:6,bB
FNDA:0,bP
FNDA:0,bR
FNDA:0,(anonymous_345)
FNDA:1,bu
FNDA:44,(anonymous_347)
FNDA:0,bK
FNDA:0,bE
FNDA:0,bx
FNDA:6,bS
FNDA:1,(anonymous_352)
FNDA:1,bw
FNDA:14,(anonymous_354)
FNDA:1,bC
FNDA:14,bx
FNDA:0,bB
FNDA:0,bE
FNDA:6,bz
FNDA:0,(anonymous_360)
FNDA:1,(anonymous_361)
FNDA:1,(anonymous_362)
FNDA:6,(anonymous_363)
FNDA:0,(anonymous_364)
FNDA:0,(anonymous_365)
FNDA:1,(anonymous_366)
FNDA:6,(anonymous_367)
FNDA:1,(anonymous_368)
FNDA:0,(anonymous_369)
FNDA:0,(anonymous_370)
FNDA:0,(anonymous_371)
FNDA:0,(anonymous_372)
FNDA:13,aS
FNDA:1,aX
FNDA:1,(anonymous_375)
FNDA:1,(anonymous_376)
FNDA:4,(anonymous_377)
FNDA:71,(anonymous_378)
FNDA:0,(anonymous_379)
FNDA:0,(anonymous_380)
FNDA:0,(anonymous_381)
FNDA:0,(anonymous_382)
FNDA:0,(anonymous_383)
FNDA:0,(anonymous_384)
FNDA:0,(anonymous_385)
FNDA:0,(anonymous_386)
FNDA:1,D
FNDA:1,(anonymous_388)
FNDA:1,(anonymous_389)
FNDA:1,(anonymous_390)
FNDA:1,(anonymous_391)
FNDA:1,(anonymous_392)
FNDA:1,(anonymous_393)
FNDA:1,(anonymous_394)
FNDA:0,(anonymous_395)
FNDA:0,(anonymous_396)
FNDA:4,J
FNDA:4,(anonymous_398)
FNDA:0,(anonymous_399)
FNDA:0,ao
FNDA:0,(anonymous_401)
FNDA:0,(anonymous_402)
FNDA:0,(anonymous_403)
FNDA:0,(anonymous_404)
FNDA:1,(anonymous_405)
FNDA:0,(anonymous_406)
FNDA:0,(anonymous_407)
FNDA:0,(anonymous_408)
FNDA:1,(anonymous_409)
FNDA:1,(anonymous_410)
FNDA:1,(anonymous_411)
FNDA:0,(anonymous_412)
FNDA:0,(anonymous_413)
FNDA:0,(anonymous_414)
FNDA:0,(anonymous_415)
FNDA:0,(anonymous_416)
FNDA:0,(anonymous_417)
FNDA:1,(anonymous_418)
FNDA:0,(anonymous_419)
FNDA:9,a4
FNDA:0,(anonymous_421)
FNDA:0,(anonymous_422)
FNDA:1,aE
FNDA:0,i
FNDA:1,O
FNDA:1,(anonymous_426)
FNDA:1,(anonymous_427)
FNDA:0,(anonymous_428)
FNDA:1,aY
FNDA:1,(anonymous_430)
FNDA:0,(anonymous_431)
FNDA:1,(anonymous_432)
FNDA:1,(anonymous_433)
FNDA:1,(anonymous_434)
FNDA:1,(anonymous_435)
FNDA:1,(anonymous_436)
FNDA:0,(anonymous_437)
FNDA:1,(anonymous_438)
FNDA:1,(anonymous_439)
FNDA:1,(anonymous_440)
FNDA:0,(anonymous_441)
FNDA:1,Z
FNDA:1,(anonymous_443)
FNDA:1,(anonymous_444)
FNDA:0,(anonymous_445)
FNDA:1,(anonymous_446)
FNDA:1,(anonymous_447)
FNDA:1,(anonymous_448)
FNDA:0,(anonymous_449)
FNDA:0,(anonymous_450)
FNDA:0,(anonymous_451)
FNDA:1,(anonymous_452)
FNDA:1,(anonymous_453)
FNDA:1,(anonymous_454)
FNDA:1,bf
FNDA:1,(anonymous_456)
FNDA:0,(anonymous_457)
FNDA:1,(anonymous_458)
FNDA:1,(anonymous_459)
FNDA:6,an
FNDA:1,x
FNDA:1,(anonymous_462)
FNDA:1,(anonymous_463)
FNDA:1,(anonymous_464)
FNDA:1,(anonymous_465)
FNDA:0,(anonymous_466)
FNDA:1,(anonymous_467)
FNDA:0,(anonymous_468)
FNDA:0,(anonymous_469)
FNDA:1,(anonymous_470)
FNDA:1,(anonymous_471)
FNDA:1,(anonymous_472)
FNDA:1,aK
FNDA:0,(anonymous_474)
FNDA:6,w
FNDA:0,(anonymous_476)
FNDA:6,aR
FNDA:0,(anonymous_478)
FNDA:0,bs
FNDA:0,al
FNDA:0,(anonymous_481)
FNDA:0,(anonymous_482)
FNDA:6,j
FNDA:4,(anonymous_484)
FNDA:0,(anonymous_485)
FNDA:1,(anonymous_486)
FNDA:8,(anonymous_487)
FNDA:0,(anonymous_488)
FNDA:2,(anonymous_489)
FNDA:0,(anonymous_490)
FNDA:4,(anonymous_491)
FNDA:8,(anonymous_492)
FNDA:4,(anonymous_493)
FNDA:1,bo
FNDA:1,(anonymous_495)
FNDA:0,t
FNDA:0,(anonymous_497)
FNDA:0,(anonymous_498)
FNDA:0,(anonymous_499)
FNDA:0,(anonymous_500)
FNDA:1,az
FNDA:1,(anonymous_502)
FNDA:1,(anonymous_503)
FNDA:1,(anonymous_504)
FNDA:0,(anonymous_505)
FNDA:0,(anonymous_506)
FNDA:0,(anonymous_507)
FNDA:6,ba
FNDA:23,r
FNDA:6,aF
FNDA:4,(anonymous_511)
FNDA:0,bu
FNDA:1,(anonymous_513)
FNDA:0,(anonymous_514)
FNDA:1,(anonymous_515)
FNDA:2,(anonymous_516)
FNDA:2,(anonymous_517)
FNDA:0,(anonymous_518)
FNDA:0,(anonymous_519)
FNDA:2,(anonymous_520)
FNDA:0,(anonymous_521)
FNDA:0,(anonymous_522)
FNDA:1,(anonymous_523)
FNDA:0,clickDebug
FNDA:1,(anonymous_525)
FNDA:4,(anonymous_526)
FNDA:1,(anonymous_527)
FNDA:1,bindP5
FNDA:13,(anonymous_529)
FNDA:2,(anonymous_530)
FNDA:11,(anonymous_531)
FNDA:3,(anonymous_532)
FNDA:0,getXPath
FNDA:1,bindLogEvent
FNDA:1,(anonymous_535)
FNDA:0,(anonymous_536)
FNDA:0,getType
FNDA:0,check
FNDA:0,log
FNDA:1,(anonymous_540)
FNDA:0,(anonymous_541)
FNDA:0,(anonymous_542)
FNDA:1,(anonymous_543)
FNDA:0,(anonymous_544)
FNDA:0,addEV
FNDA:0,(anonymous_546)
FNDA:0,(anonymous_547)
FNDA:1,(anonymous_548)
FNDA:1,(anonymous_549)
FNDA:0,(anonymous_550)
FNDA:0,(anonymous_551)
FNDA:1,(anonymous_552)
FNDA:1,(anonymous_553)
FNDA:1,(anonymous_554)
FNDA:0,(anonymous_555)
FNDA:3,(anonymous_556)
FNDA:0,(anonymous_557)
FNDA:0,(anonymous_558)
FNDA:0,(anonymous_559)
FNDA:0,(anonymous_560)
FNDA:0,(anonymous_561)
FNDA:4,(anonymous_562)
FNDA:4,(anonymous_563)
FNDA:0,(anonymous_564)
FNDA:4,(anonymous_565)
FNDA:0,(anonymous_566)
FNDA:0,(anonymous_567)
FNDA:0,(anonymous_568)
FNDA:0,(anonymous_569)
FNDA:0,(anonymous_570)
FNDA:0,(anonymous_571)
FNDA:0,(anonymous_572)
FNDA:0,(anonymous_573)
FNDA:0,(anonymous_574)
FNDA:0,(anonymous_575)
FNDA:0,(anonymous_576)
FNDA:0,(anonymous_577)
FNDA:0,(anonymous_578)
FNDA:0,(anonymous_579)
FNDA:0,(anonymous_580)
FNDA:0,(anonymous_581)
FNDA:0,(anonymous_582)
FNDA:0,(anonymous_583)
FNDA:0,(anonymous_584)
FNDA:0,(anonymous_585)
FNDA:0,(anonymous_586)
FNDA:0,(anonymous_587)
FNDA:0,(anonymous_588)
FNDA:0,(anonymous_589)
FNDA:0,(anonymous_590)
FNDA:1,(anonymous_591)
FNDA:0,(anonymous_592)
FNDA:1,(anonymous_593)
FNDA:0,(anonymous_594)
FNDA:0,f
FNDA:0,user_c
FNDA:0,initPassV3
FNDA:0,(anonymous_598)
FNDA:0,(anonymous_599)
FNDA:0,(anonymous_600)
FNDA:0,(anonymous_601)
FNDA:0,(anonymous_602)
FNDA:0,(anonymous_603)
FNDA:0,(anonymous_604)
FNDA:0,(anonymous_605)
FNDA:1,(anonymous_606)
FNDA:0,(anonymous_607)
FNDA:0,(anonymous_608)
FNDA:0,(anonymous_609)
FNDA:0,(anonymous_610)
FNDA:0,(anonymous_611)
FNDA:0,(anonymous_612)
FNDA:0,(anonymous_613)
FNDA:0,(anonymous_614)
FNDA:0,(anonymous_615)
FNDA:0,(anonymous_616)
FNDA:0,(anonymous_617)
FNDA:0,isp_hijack
FNDA:0,(anonymous_619)
FNDA:0,(anonymous_620)
FNDA:0,(anonymous_621)
FNDA:1,(anonymous_622)
FNDA:1,a
FNDA:0,(anonymous_624)
FNDA:0,(anonymous_625)
FNDA:0,(anonymous_626)
FNDA:0,(anonymous_627)
FNDA:0,(anonymous_628)
FNDA:0,(anonymous_629)
FNDA:0,(anonymous_630)
FNDA:0,(anonymous_631)
FNDA:0,(anonymous_632)
FNDA:0,(anonymous_633)
FNDA:0,(anonymous_634)
FNDA:0,(anonymous_635)
FNDA:0,(anonymous_636)
FNDA:0,(anonymous_637)
FNDA:0,(anonymous_638)
FNDA:0,(anonymous_639)
FNDA:0,(anonymous_640)
FNDA:0,(anonymous_641)
FNDA:0,(anonymous_642)
FNDA:0,(anonymous_643)
FNDA:0,(anonymous_644)
FNDA:0,(anonymous_645)
FNDA:0,(anonymous_646)
FNDA:0,(anonymous_647)
FNDA:0,(anonymous_648)
FNDA:0,(anonymous_649)
FNDA:0,(anonymous_650)
FNDA:0,(anonymous_651)
FNDA:0,(anonymous_652)
FNDA:0,(anonymous_653)
FNDA:0,(anonymous_654)
FNDA:0,(anonymous_655)
FNDA:0,(anonymous_656)
FNDA:0,(anonymous_657)
FNDA:0,(anonymous_658)
FNDA:0,(anonymous_659)
FNDA:0,(anonymous_660)
FNDA:0,(anonymous_661)
FNDA:0,(anonymous_662)
FNDA:0,(anonymous_663)
FNDA:0,(anonymous_664)
FNDA:0,(anonymous_665)
FNDA:0,(anonymous_666)
FNDA:0,(anonymous_667)
FNDA:0,(anonymous_668)
FNDA:0,(anonymous_669)
FNDA:0,(anonymous_670)
FNDA:0,(anonymous_671)
FNDA:0,(anonymous_672)
FNDA:0,(anonymous_673)
FNDA:0,o
FNDA:0,(anonymous_675)
FNDA:0,(anonymous_676)
FNDA:0,(anonymous_677)
FNDA:0,(anonymous_678)
FNDA:0,(anonymous_679)
FNDA:0,(anonymous_680)
FNDA:0,(anonymous_681)
FNDA:0,(anonymous_682)
FNDA:0,(anonymous_683)
FNDA:0,(anonymous_684)
FNDA:0,(anonymous_685)
FNDA:0,(anonymous_686)
FNDA:0,(anonymous_687)
FNDA:0,(anonymous_688)
FNDA:0,(anonymous_689)
FNDA:0,(anonymous_690)
FNDA:0,(anonymous_691)
FNDA:0,(anonymous_692)
FNDA:0,(anonymous_693)
FNDA:0,(anonymous_694)
FNDA:0,(anonymous_695)
FNDA:0,(anonymous_696)
FNDA:0,(anonymous_697)
FNDA:0,(anonymous_698)
FNDA:0,(anonymous_699)
FNDA:0,(anonymous_700)
FNDA:1,(anonymous_701)
FNDA:1,(anonymous_702)
FNDA:1,(anonymous_703)
FNDA:0,a
FNDA:0,(anonymous_705)
FNDA:1,(anonymous_706)
FNDA:2,r
FNDA:0,(anonymous_708)
FNDA:2,(anonymous_709)
FNDA:0,j
FNDA:0,b
FNDA:0,(anonymous_712)
FNDA:0,f
FNDA:0,g
FNDA:0,i
FNDA:2,l
FNDA:0,(anonymous_717)
FNDA:0,(anonymous_718)
FNDA:0,(anonymous_719)
FNDA:0,(anonymous_720)
FNDA:0,(anonymous_721)
FNDA:0,(anonymous_722)
FNDA:0,(anonymous_723)
FNDA:2,a
FNDA:6,isbase64
FNDA:1,L
FNDA:0,(anonymous_727)
FNDA:0,(anonymous_728)
FNDA:2,P
FNDA:0,(anonymous_730)
FNDA:0,(anonymous_731)
FNDA:0,(anonymous_732)
FNDA:0,C
FNDA:0,a
FNDA:0,k
FNDA:0,(anonymous_736)
FNDA:0,(anonymous_737)
FNDA:1,r
FNDA:1,(anonymous_739)
FNDA:2,(anonymous_740)
FNDA:1,(anonymous_741)
FNDA:1,(anonymous_742)
FNDA:0,i
FNDA:0,(anonymous_744)
FNDA:24,z
FNDA:0,(anonymous_746)
FNDA:24,(anonymous_747)
FNDA:0,(anonymous_748)
FNDA:0,(anonymous_749)
FNDA:0,(anonymous_750)
FNDA:0,(anonymous_751)
FNDA:2,(anonymous_752)
FNDA:8,(anonymous_753)
FNDA:0,(anonymous_754)
FNDA:0,(anonymous_755)
FNDA:1,(anonymous_756)
FNDA:0,(anonymous_757)
FNDA:0,(anonymous_758)
FNDA:0,a
FNDA:0,(anonymous_760)
FNDA:0,(anonymous_761)
FNDA:0,b
FNDA:0,(anonymous_763)
FNDA:0,(anonymous_764)
FNDA:0,(anonymous_765)
FNDA:1,(anonymous_766)
FNDA:0,(anonymous_767)
FNDA:0,(anonymous_768)
FNDA:0,(anonymous_769)
FNDA:0,(anonymous_770)
FNDA:0,(anonymous_771)
FNDA:0,(anonymous_772)
FNDA:1,(anonymous_773)
FNDA:1,(anonymous_774)
FNDA:1,(anonymous_775)
FNDA:1,(anonymous_776)
FNDA:1,(anonymous_777)
FNDA:1,m
FNDA:1,(anonymous_779)
FNDA:1,(anonymous_780)
FNDA:1,(anonymous_781)
FNDA:1,l
FNDA:1,(anonymous_783)
FNDA:1,(anonymous_784)
FNDA:1,(anonymous_785)
FNDA:1,(anonymous_786)
FNDA:1,(anonymous_787)
FNDA:1,(anonymous_788)
FNDA:2,(anonymous_789)
FNDA:1,(anonymous_790)
FNDA:1,(anonymous_791)
FNDA:1,(anonymous_792)
FNDA:1,(anonymous_793)
FNDA:1,a
FNDA:8,(anonymous_795)
FNDA:1,(anonymous_796)
FNDA:0,(anonymous_797)
FNDA:1,(anonymous_798)
FNDA:0,(anonymous_799)
FNDA:2,(anonymous_800)
FNDA:0,(anonymous_801)
FNDA:0,(anonymous_802)
FNDA:0,g
FNDA:0,(anonymous_804)
FNDA:0,(anonymous_805)
FNDA:0,(anonymous_806)
FNDA:0,(anonymous_807)
FNDA:0,(anonymous_808)
FNDA:0,(anonymous_809)
FNDA:1,(anonymous_810)
FNDA:1,(anonymous_811)
FNDA:0,(anonymous_812)
FNDA:1,(anonymous_813)
FNDA:0,(anonymous_814)
FNDA:0,(anonymous_815)
FNDA:0,(anonymous_816)
FNDA:6,(anonymous_817)
FNDA:0,(anonymous_818)
FNDA:0,g
FNDA:0,(anonymous_820)
FNDA:0,(anonymous_821)
FNDA:1,(anonymous_822)
FNDA:0,(anonymous_823)
FNDA:1,(anonymous_824)
FNDA:0,(anonymous_825)
FNDA:0,(anonymous_826)
FNDA:0,(anonymous_827)
FNDA:0,(anonymous_828)
FNDA:0,(anonymous_829)
FNDA:0,(anonymous_830)
FNDA:0,(anonymous_831)
FNDA:6,(anonymous_832)
FNDA:1,(anonymous_833)
FNDA:0,(anonymous_834)
FNDA:0,(anonymous_835)
FNDA:1,(anonymous_836)
FNDA:1,(anonymous_837)
FNDA:1,(anonymous_838)
FNDA:0,(anonymous_839)
FNDA:1,(anonymous_840)
FNDA:0,(anonymous_841)
FNDA:1,(anonymous_842)
FNDA:4,(anonymous_843)
FNDA:4,(anonymous_844)
FNDA:1,(anonymous_845)
FNDA:1,(anonymous_846)
FNDA:0,(anonymous_847)
FNDA:0,(anonymous_848)
FNDA:0,(anonymous_849)
FNDA:1,(anonymous_850)
FNDA:1,(anonymous_851)
FNDA:1,(anonymous_852)
FNDA:6,(anonymous_853)
FNDA:6,(anonymous_854)
FNDA:2,(anonymous_855)
FNDA:6,(anonymous_856)
FNDA:6,(anonymous_857)
FNDA:42,(anonymous_858)
FNDA:36,(anonymous_859)
FNDA:4,(anonymous_860)
FNDA:1,(anonymous_861)
FNDA:0,save
FNDA:0,(anonymous_863)
FNDA:0,set
FNDA:1,get
FNDA:1,writeCookie
FNDA:0,writeBAIDUID
FNDA:0,clearCookie
FNDA:0,reset
FNDA:0,(anonymous_870)
FNDA:0,(anonymous_871)
FNDA:0,(anonymous_872)
FNDA:1,(anonymous_873)
FNDA:0,(anonymous_874)
FNDA:1,(anonymous_875)
FNDA:0,(anonymous_876)
FNDA:0,(anonymous_877)
FNDA:1,(anonymous_878)
FNDA:0,a
FNDA:0,b
FNDA:0,(anonymous_881)
FNDA:0,(anonymous_882)
FNDA:0,(anonymous_883)
FNDA:0,(anonymous_884)
FNDA:0,f
FNDA:0,(anonymous_886)
FNDA:0,(anonymous_887)
FNDA:0,d
FNDA:0,(anonymous_889)
FNDA:0,(anonymous_890)
FNDA:0,f
FNDA:0,d
FNDA:0,m
FNDA:0,(anonymous_894)
FNDA:0,(anonymous_895)
FNDA:0,(anonymous_896)
FNDA:0,(anonymous_897)
FNDA:1,(anonymous_898)
FNDA:1,(anonymous_899)
FNDA:1,(anonymous_900)
FNDA:1,(anonymous_901)
FNDA:1,(anonymous_902)
FNDA:14,(anonymous_903)
FNDA:0,(anonymous_904)
FNDA:1,(anonymous_905)
FNDA:0,(anonymous_906)
FNDA:12,(anonymous_907)
FNDA:0,(anonymous_908)
FNDA:2,(anonymous_909)
FNDA:1,(anonymous_910)
FNDA:0,(anonymous_911)
FNDA:0,(anonymous_912)
FNDA:0,(anonymous_913)
FNDA:0,(anonymous_914)
FNDA:0,formatDate
FNDA:0,(anonymous_916)
FNDA:0,baseChangeUrl
FNDA:0,langChangeUrl
FNDA:0,advChangeUrl
FNDA:0,fileChangeUrl
FNDA:0,queryReplace
FNDA:0,extChangeUrl
FNDA:1,(anonymous_923)
FNDA:1,(anonymous_924)
FNDA:0,(anonymous_925)
FNDA:0,(anonymous_926)
FNDA:0,(anonymous_927)
FNDA:0,(anonymous_928)
FNDA:0,(anonymous_929)
FNDA:0,(anonymous_930)
FNDA:0,(anonymous_931)
FNDA:0,(anonymous_932)
FNDA:0,(anonymous_933)
FNDA:0,(anonymous_934)
FNDA:0,(anonymous_935)
FNDA:0,(anonymous_936)
FNDA:0,y
FNDA:0,(anonymous_938)
FNDA:0,(anonymous_939)
FNDA:0,(anonymous_940)
FNDA:0,(anonymous_941)
FNDA:0,(anonymous_942)
FNDA:0,(anonymous_943)
FNDA:0,(anonymous_944)
FNDA:0,(anonymous_945)
FNDA:0,(anonymous_946)
FNDA:0,(anonymous_947)
FNDA:0,(anonymous_948)
FNDA:0,(anonymous_949)
FNDA:0,(anonymous_950)
FNDA:1,(anonymous_951)
FNDA:1,(anonymous_952)
FNDA:2,(anonymous_953)
FNDA:0,(anonymous_954)
FNDA:1,a
FNDA:0,(anonymous_956)
FNDA:1,(anonymous_957)
FNDA:10,(anonymous_958)
FNDA:11,f
FNDA:11,(anonymous_960)
FNDA:1,(anonymous_961)
FNDA:1,(anonymous_962)
FNDA:1,(anonymous_963)
FNDA:10,(anonymous_964)
FNDA:1,(anonymous_965)
FNDA:0,(anonymous_966)
FNDA:0,a
FNDA:0,(anonymous_968)
FNDA:0,(anonymous_969)
FNDA:0,(anonymous_970)
FNDA:0,(anonymous_971)
FNDA:0,(anonymous_972)
FNDA:0,(anonymous_973)
FNDA:0,(anonymous_974)
FNDA:0,(anonymous_975)
FNDA:0,(anonymous_976)
FNDA:0,r
FNDA:0,l
FNDA:0,q
FNDA:0,i
FNDA:0,t
FNDA:0,n
FNDA:0,(anonymous_983)
FNDA:0,b
FNDA:0,(anonymous_985)
FNDA:0,p
FNDA:0,(anonymous_987)
FNDA:1,(anonymous_988)
FNDA:1,a
FNDA:1,(anonymous_990)
FNDA:3,(anonymous_991)
FNDA:2,(anonymous_992)
FNDA:11,(anonymous_993)
FNDA:6,(anonymous_994)
FNDA:2,(anonymous_995)
FNDA:11,(anonymous_996)
FNDA:1,(anonymous_997)
FNDA:1,(anonymous_998)
FNDA:0,(anonymous_999)
FNDA:1,(anonymous_1000)
FNDA:1,(anonymous_1001)
FNDA:11,(anonymous_1002)
FNDA:1,(anonymous_1003)
FNDA:1,g
FNDA:0,(anonymous_1005)
FNDA:0,b
FNDA:1,(anonymous_1007)
FNDA:0,(anonymous_1008)
FNDA:0,(anonymous_1009)
FNDA:0,(anonymous_1010)
FNDA:1,(anonymous_1011)
FNDA:1,(anonymous_1012)
FNDA:1,(anonymous_1013)
FNDA:1,(anonymous_1014)
FNDA:0,(anonymous_1015)
FNDA:0,(anonymous_1016)
FNDA:0,(anonymous_1017)
FNDA:0,(anonymous_1018)
FNDA:0,(anonymous_1019)
FNDA:0,(anonymous_1020)
FNDA:0,(anonymous_1021)
FNDA:0,(anonymous_1022)
FNDA:0,(anonymous_1023)
FNDA:0,(anonymous_1024)
FNDA:0,(anonymous_1025)
FNDA:0,(anonymous_1026)
FNDA:0,(anonymous_1027)
FNDA:0,(anonymous_1028)
FNDA:0,(anonymous_1029)
FNDA:0,(anonymous_1030)
FNDA:0,(anonymous_1031)
FNDA:0,(anonymous_1032)
FNDA:0,(anonymous_1033)
FNDA:0,(anonymous_1034)
FNDA:0,(anonymous_1035)
FNDA:0,(anonymous_1036)
FNDA:0,(anonymous_1037)
FNDA:0,(anonymous_1038)
FNDA:0,(anonymous_1039)
FNDA:0,o
FNDA:0,(anonymous_1041)
FNDA:0,(anonymous_1042)
FNDA:0,(anonymous_1043)
FNDA:0,(anonymous_1044)
FNDA:0,(anonymous_1045)
FNDA:0,(anonymous_1046)
FNDA:0,(anonymous_1047)
FNDA:0,(anonymous_1048)
FNDA:0,(anonymous_1049)
FNDA:0,(anonymous_1050)
FNDA:0,(anonymous_1051)
FNDA:0,(anonymous_1052)
FNDA:0,(anonymous_1053)
FNDA:0,(anonymous_1054)
FNDA:0,(anonymous_1055)
FNDA:0,(anonymous_1056)
FNDA:0,(anonymous_1057)
FNDA:1,(anonymous_1058)
FNDA:0,(anonymous_1059)
FNDA:1,(anonymous_1060)
FNDA:0,(anonymous_1061)
FNDA:0,(anonymous_1062)
FNDA:0,(anonymous_1063)
FNDA:0,(anonymous_1064)
FNDA:0,(anonymous_1065)
FNDA:0,(anonymous_1066)
FNDA:0,(anonymous_1067)
FNDA:0,(anonymous_1068)
FNDA:1,(anonymous_1069)
FNDA:1,(anonymous_1070)
FNDA:0,(anonymous_1071)
FNDA:0,(anonymous_1072)
FNDA:0,(anonymous_1073)
FNDA:0,(anonymous_1074)
FNDA:1,(anonymous_1075)
FNDA:1,(anonymous_1076)
FNDA:1,(anonymous_1077)
FNDA:0,(anonymous_1078)
FNDA:1,(anonymous_1079)
FNDA:0,(anonymous_1080)
FNDA:1,(anonymous_1081)
FNDA:0,(anonymous_1082)
FNDA:0,(anonymous_1083)
FNDA:1,(anonymous_1084)
FNDA:0,b
FNDA:1,(anonymous_1086)
FNDA:0,(anonymous_1087)
FNDA:0,(anonymous_1088)
FNDA:0,(anonymous_1089)
FNDA:1,(anonymous_1090)
FNDA:0,(anonymous_1091)
FNDA:1,(anonymous_1092)
FNDA:0,a
FNDA:1,(anonymous_1094)
FNDA:0,(anonymous_1095)
FNDA:0,(anonymous_1096)
FNDA:0,(anonymous_1097)
FNDA:0,(anonymous_1098)
DA:1,4
DA:2,13
DA:3,11
DA:4,50
DA:5,14
DA:6,40
DA:7,22
DA:8,24
DA:9,115
DA:10,32
DA:11,0
DA:12,14
DA:13,14
DA:14,14
DA:15,1
DA:16,3
DA:17,13
DA:18,16
DA:19,1
DA:20,11
DA:21,12
DA:22,4
DA:23,4
DA:24,1
DA:25,1
DA:26,1
DA:27,3
DA:28,4
DA:29,1885
DA:30,10
DA:31,1
DA:32,484
DA:33,956
DA:34,20
DA:35,8
DA:36,8
DA:37,8
DA:38,4
DA:39,4
DA:40,1
DA:41,1
DA:42,10
DA:43,122
DA:44,477
DA:45,135
DA:46,39
DA:47,18
DA:48,44
DA:49,14
DA:50,6
DA:51,6
DA:52,6
DA:53,6
DA:54,13
DA:55,71
DA:56,1
DA:57,1
DA:58,4
DA:59,1
DA:60,1
DA:61,1
DA:62,9
DA:63,1
DA:64,1
DA:65,1
DA:66,1
DA:67,1
DA:68,6
DA:69,1
DA:70,1
DA:71,16
DA:72,6
DA:73,6
DA:74,6
DA:75,8
DA:76,2
DA:77,2
DA:78,8
DA:79,1
DA:80,23
DA:81,4
DA:82,2
DA:83,13
DA:84,11
DA:85,1
DA:86,1
DA:87,0
DA:88,1
DA:89,1
DA:90,3
DA:91,4
DA:92,4
DA:93,4
DA:94,4
DA:95,4
DA:96,8
DA:97,1
DA:98,1
DA:99,1
DA:100,1
DA:101,1
DA:102,1
DA:103,1
DA:104,1
DA:105,1
DA:106,0
DA:107,1
DA:108,1
DA:109,0
DA:110,0
DA:111,0
DA:112,1
DA:113,1
DA:114,0
DA:115,0
DA:116,1
DA:117,2
DA:118,2
DA:119,2
DA:120,6
DA:121,6
DA:122,88
DA:123,576
DA:124,6
DA:125,1
DA:126,5
DA:127,9
DA:128,1
DA:129,1
DA:130,1
DA:131,2
DA:132,8
DA:133,8
DA:134,2
DA:135,1
DA:136,0
DA:137,6
DA:138,1
DA:139,6
DA:140,32
DA:141,4
DA:142,6
DA:143,54
DA:144,42
DA:145,1
DA:146,1
DA:147,1
DA:148,1
DA:149,1
DA:150,1
DA:151,14
DA:152,1
DA:153,1
DA:154,1
DA:155,1
DA:156,0
DA:157,0
DA:158,0
DA:159,0
DA:160,0
DA:161,1
DA:162,0
DA:163,0
DA:164,0
DA:165,0
DA:166,0
DA:167,11
DA:168,10
DA:169,0
DA:170,1
DA:171,1
DA:172,11
DA:173,11
DA:174,5
DA:175,1
DA:176,0
DA:177,0
DA:178,0
DA:179,0
DA:180,1
DA:181,0
DA:182,0
DA:183,0
DA:184,0
DA:185,0
DA:186,0
DA:187,1
DA:188,0
DA:189,1
DA:190,0
DA:191,1
DA:192,1
DA:193,1
DA:194,1
DA:195,0
LF:195
LH:162
BRDA:1,1,0,0
BRDA:1,1,1,4
BRDA:1,2,0,0
BRDA:1,2,1,2
BRDA:1,3,0,0
BRDA:1,3,1,2
BRDA:1,4,0,0
BRDA:1,4,1,2
BRDA:1,5,0,2
BRDA:1,5,1,0
BRDA:1,6,0,0
BRDA:1,6,1,0
BRDA:1,7,0,0
BRDA:1,7,1,0
BRDA:1,8,0,0
BRDA:1,8,1,0
BRDA:1,9,0,0
BRDA:1,9,1,0
BRDA:1,10,0,0
BRDA:1,10,1,0
BRDA:1,11,0,0
BRDA:1,11,1,0
BRDA:1,12,0,0
BRDA:1,12,1,0
BRDA:1,13,0,0
BRDA:1,13,1,0
BRDA:1,14,0,0
BRDA:1,14,1,0
BRDA:1,15,0,0
BRDA:1,15,1,0
BRDA:1,16,0,0
BRDA:1,16,1,0
BRDA:1,17,0,0
BRDA:1,17,1,0
BRDA:1,18,0,0
BRDA:1,18,1,0
BRDA:2,19,0,0
BRDA:2,19,1,4
BRDA:2,20,0,0
BRDA:2,20,1,0
BRDA:2,21,0,0
BRDA:2,21,1,0
BRDA:2,22,0,0
BRDA:2,22,1,4
BRDA:2,23,0,0
BRDA:2,23,1,4
BRDA:2,24,0,4
BRDA:2,24,1,0
BRDA:2,24,2,0
BRDA:2,25,0,0
BRDA:2,25,1,0
BRDA:2,26,0,0
BRDA:2,26,1,0
BRDA:2,27,0,4
BRDA:2,27,1,0
BRDA:2,28,0,0
BRDA:2,28,1,4
BRDA:2,29,0,0
BRDA:2,29,1,0
BRDA:2,30,0,0
BRDA:2,30,1,0
BRDA:2,31,0,4
BRDA:2,31,1,0
BRDA:2,32,0,4
BRDA:2,32,1,0
BRDA:2,33,0,10
BRDA:2,33,1,3
BRDA:2,34,0,13
BRDA:2,34,1,6
BRDA:2,35,0,3
BRDA:2,35,1,0
BRDA:2,36,0,3
BRDA:2,36,1,0
BRDA:3,37,0,0
BRDA:3,37,1,0
BRDA:3,38,0,0
BRDA:3,38,1,0
BRDA:3,39,0,0
BRDA:3,39,1,0
BRDA:3,40,0,0
BRDA:3,40,1,0
BRDA:3,41,0,0
BRDA:3,41,1,0
BRDA:3,42,0,0
BRDA:3,42,1,0
BRDA:3,43,0,8
BRDA:3,43,1,3
BRDA:3,44,0,0
BRDA:3,44,1,3
BRDA:3,45,0,3
BRDA:3,45,1,3
BRDA:3,46,0,3
BRDA:3,46,1,3
BRDA:3,47,0,0
BRDA:3,47,1,0
BRDA:3,48,0,3
BRDA:3,48,1,0
BRDA:3,49,0,0
BRDA:3,49,1,0
BRDA:3,50,0,0
BRDA:3,50,1,0
BRDA:3,51,0,0
BRDA:3,51,1,3
BRDA:3,52,0,3
BRDA:3,52,1,3
BRDA:3,53,0,0
BRDA:3,53,1,0
BRDA:3,54,0,0
BRDA:3,54,1,0
BRDA:4,55,0,3
BRDA:4,55,1,0
BRDA:4,56,0,3
BRDA:4,56,1,0
BRDA:4,57,0,3
BRDA:4,57,1,0
BRDA:4,58,0,0
BRDA:4,58,1,0
BRDA:4,59,0,0
BRDA:4,59,1,0
BRDA:4,60,0,50
BRDA:4,60,1,30
BRDA:4,61,0,3
BRDA:4,61,1,8
BRDA:4,62,0,11
BRDA:4,62,1,3
BRDA:4,63,0,8
BRDA:4,63,1,8
BRDA:4,64,0,0
BRDA:4,64,1,4
BRDA:4,65,0,3
BRDA:4,65,1,1
BRDA:4,66,0,3
BRDA:4,66,1,0
BRDA:4,67,0,8
BRDA:4,67,1,0
BRDA:4,68,0,0
BRDA:4,68,1,7
BRDA:5,69,0,0
BRDA:5,69,1,0
BRDA:5,70,0,7
BRDA:5,70,1,5
BRDA:5,71,0,7
BRDA:5,71,1,0
BRDA:5,72,0,2
BRDA:5,72,1,5
BRDA:5,73,0,4
BRDA:5,73,1,0
BRDA:5,74,0,4
BRDA:5,74,1,4
BRDA:5,75,0,4
BRDA:5,75,1,0
BRDA:5,76,0,0
BRDA:5,76,1,4
BRDA:5,77,0,11
BRDA:5,77,1,0
BRDA:5,78,0,14
BRDA:5,78,1,0
BRDA:5,79,0,7
BRDA:5,79,1,4
BRDA:5,80,0,7
BRDA:5,80,1,4
BRDA:5,81,0,1
BRDA:5,81,1,3
BRDA:5,82,0,4
BRDA:5,82,1,3
BRDA:5,83,0,0
BRDA:5,83,1,3
BRDA:5,84,0,3
BRDA:5,84,1,0
BRDA:5,85,0,3
BRDA:5,85,1,0
BRDA:5,86,0,0
BRDA:5,86,1,0
BRDA:5,87,0,0
BRDA:5,87,1,0
BRDA:5,88,0,0
BRDA:5,88,1,0
BRDA:6,89,0,5
BRDA:6,89,1,0
BRDA:6,90,0,8
BRDA:6,90,1,32
BRDA:6,91,0,0
BRDA:6,91,1,8
BRDA:6,92,0,8
BRDA:6,92,1,1
BRDA:6,93,0,1
BRDA:6,93,1,7
BRDA:6,94,0,6
BRDA:6,94,1,1
BRDA:6,95,0,0
BRDA:6,95,1,10
BRDA:6,96,0,10
BRDA:6,96,1,0
BRDA:6,97,0,10
BRDA:6,97,1,2
BRDA:6,98,0,0
BRDA:6,98,1,0
BRDA:7,99,0,3
BRDA:7,99,1,19
BRDA:7,100,0,0
BRDA:7,100,1,3
BRDA:7,101,0,3
BRDA:7,101,1,0
BRDA:7,102,0,0
BRDA:7,102,1,3
BRDA:7,103,0,0
BRDA:7,103,1,3
BRDA:7,104,0,0
BRDA:7,104,1,0
BRDA:7,105,0,0
BRDA:7,105,1,2
BRDA:7,106,0,0
BRDA:7,106,1,0
BRDA:7,107,0,2
BRDA:7,107,1,0
BRDA:7,108,0,0
BRDA:7,108,1,4
BRDA:7,109,0,0
BRDA:7,109,1,4
BRDA:7,110,0,0
BRDA:7,110,1,0
BRDA:7,111,0,0
BRDA:7,111,1,0
BRDA:8,112,0,0
BRDA:8,112,1,4
BRDA:8,113,0,0
BRDA:8,113,1,4
BRDA:8,114,0,4
BRDA:8,114,1,4
BRDA:8,115,0,0
BRDA:8,115,1,4
BRDA:8,116,0,0
BRDA:8,116,1,8
BRDA:8,117,0,0
BRDA:8,117,1,4
BRDA:8,118,0,0
BRDA:8,118,1,0
BRDA:8,119,0,0
BRDA:8,119,1,4
BRDA:8,120,0,0
BRDA:8,120,1,0
BRDA:8,120,2,0
BRDA:8,121,0,0
BRDA:8,121,1,0
BRDA:8,122,0,8
BRDA:8,122,1,0
BRDA:9,123,0,54
BRDA:9,123,1,0
BRDA:9,124,0,54
BRDA:9,124,1,0
BRDA:9,125,0,0
BRDA:9,125,1,54
BRDA:9,126,0,54
BRDA:9,126,1,0
BRDA:9,127,0,0
BRDA:9,127,1,0
BRDA:9,128,0,0
BRDA:9,128,1,0
BRDA:9,129,0,0
BRDA:9,129,1,0
BRDA:9,130,0,0
BRDA:9,130,1,0
BRDA:9,131,0,0
BRDA:9,131,1,1
BRDA:9,132,0,0
BRDA:9,132,1,3
BRDA:9,133,0,83
BRDA:9,133,1,0
BRDA:9,134,0,7
BRDA:9,134,1,77
BRDA:9,135,0,115
BRDA:9,135,1,5
BRDA:9,136,0,115
BRDA:9,136,1,5
BRDA:9,137,0,0
BRDA:9,137,1,115
BRDA:9,138,0,0
BRDA:9,138,1,115
BRDA:9,139,0,1
BRDA:9,139,1,0
BRDA:9,140,0,1
BRDA:9,140,1,0
BRDA:9,141,0,1
BRDA:9,141,1,0
BRDA:9,142,0,1
BRDA:9,142,1,1
BRDA:10,143,0,1
BRDA:10,143,1,0
BRDA:10,143,2,1
BRDA:10,143,3,1
BRDA:10,144,0,1
BRDA:10,144,1,1
BRDA:10,145,0,17
BRDA:10,145,1,0
BRDA:10,146,0,0
BRDA:10,146,1,0
BRDA:10,147,0,0
BRDA:10,147,1,0
BRDA:10,148,0,0
BRDA:10,148,1,0
BRDA:10,149,0,0
BRDA:10,149,1,0
BRDA:10,150,0,0
BRDA:10,150,1,0
BRDA:10,151,0,0
BRDA:10,151,1,0
BRDA:10,151,2,0
BRDA:10,151,3,0
BRDA:10,152,0,0
BRDA:10,152,1,0
BRDA:10,153,0,0
BRDA:10,153,1,0
BRDA:10,153,2,0
BRDA:10,153,3,0
BRDA:10,153,4,0
BRDA:10,154,0,0
BRDA:10,154,1,0
BRDA:11,155,0,0
BRDA:11,155,1,0
BRDA:11,156,0,0
BRDA:11,156,1,0
BRDA:11,157,0,0
BRDA:11,157,1,0
BRDA:11,158,0,0
BRDA:11,158,1,0
BRDA:11,158,2,0
BRDA:11,158,3,0
BRDA:11,159,0,0
BRDA:11,159,1,0
BRDA:11,160,0,0
BRDA:11,160,1,0
BRDA:11,161,0,0
BRDA:11,161,1,0
BRDA:11,162,0,0
BRDA:11,162,1,0
BRDA:11,163,0,0
BRDA:11,163,1,0
BRDA:11,164,0,0
BRDA:11,164,1,0
BRDA:11,165,0,0
BRDA:11,165,1,0
BRDA:11,166,0,0
BRDA:11,166,1,0
BRDA:11,167,0,0
BRDA:11,167,1,0
BRDA:11,168,0,0
BRDA:11,168,1,0
BRDA:11,169,0,0
BRDA:11,169,1,0
BRDA:11,169,2,0
BRDA:12,170,0,0
BRDA:12,170,1,0
BRDA:12,171,0,0
BRDA:12,171,1,1
BRDA:12,172,0,1
BRDA:12,172,1,0
BRDA:12,173,0,1
BRDA:12,173,1,0
BRDA:12,174,0,0
BRDA:12,174,1,1
BRDA:12,175,0,1
BRDA:12,175,1,0
BRDA:12,176,0,0
BRDA:12,176,1,1
BRDA:12,177,0,0
BRDA:12,177,1,1
BRDA:12,178,0,2
BRDA:12,178,1,0
BRDA:12,179,0,2
BRDA:12,179,1,0
BRDA:12,180,0,2
BRDA:12,180,1,0
BRDA:12,181,0,2
BRDA:12,181,1,0
BRDA:12,182,0,0
BRDA:12,182,1,0
BRDA:12,183,0,0
BRDA:12,183,1,14
BRDA:12,184,0,14
BRDA:12,184,1,8
BRDA:12,185,0,14
BRDA:12,185,1,0
BRDA:13,186,0,0
BRDA:13,186,1,0
BRDA:13,187,0,0
BRDA:13,187,1,0
BRDA:13,188,0,0
BRDA:13,188,1,0
BRDA:13,189,0,0
BRDA:13,189,1,0
BRDA:13,190,0,0
BRDA:13,190,1,0
BRDA:13,191,0,0
BRDA:13,191,1,0
BRDA:13,192,0,0
BRDA:13,192,1,1
BRDA:13,193,0,1
BRDA:13,193,1,0
BRDA:13,194,0,0
BRDA:13,194,1,0
BRDA:13,195,0,0
BRDA:13,195,1,0
BRDA:13,196,0,0
BRDA:13,196,1,1
BRDA:13,197,0,1
BRDA:13,197,1,0
BRDA:13,198,0,0
BRDA:13,198,1,0
BRDA:13,198,2,0
BRDA:13,198,3,14
BRDA:13,199,0,0
BRDA:13,199,1,0
BRDA:13,200,0,0
BRDA:13,200,1,0
BRDA:14,201,0,1
BRDA:14,201,1,0
BRDA:14,202,0,0
BRDA:14,202,1,1
BRDA:14,203,0,1
BRDA:14,203,1,0
BRDA:14,203,2,0
BRDA:14,204,0,1
BRDA:14,204,1,0
BRDA:14,205,0,1
BRDA:14,205,1,1
BRDA:14,206,0,0
BRDA:14,206,1,1
BRDA:14,207,0,1
BRDA:14,207,1,0
BRDA:14,208,0,1
BRDA:14,208,1,1
BRDA:14,209,0,1
BRDA:14,209,1,0
BRDA:14,210,0,1
BRDA:14,210,1,1
BRDA:14,211,0,0
BRDA:14,211,1,1
BRDA:14,212,0,1
BRDA:14,212,1,0
BRDA:14,213,0,1
BRDA:14,213,1,0
BRDA:14,214,0,0
BRDA:14,214,1,1
BRDA:14,215,0,0
BRDA:14,215,1,1
BRDA:14,216,0,0
BRDA:14,216,1,1
BRDA:14,217,0,0
BRDA:14,217,1,1
BRDA:15,218,0,1
BRDA:15,218,1,0
BRDA:15,219,0,1
BRDA:15,219,1,0
BRDA:15,220,0,0
BRDA:15,220,1,0
BRDA:15,221,0,0
BRDA:15,221,1,0
BRDA:15,222,0,1
BRDA:15,222,1,0
BRDA:15,223,0,1
BRDA:15,223,1,1
BRDA:15,224,0,1
BRDA:15,224,1,0
BRDA:15,225,0,1
BRDA:15,225,1,1
BRDA:16,226,0,0
BRDA:16,226,1,0
BRDA:16,227,0,0
BRDA:16,227,1,0
BRDA:16,228,0,0
BRDA:16,228,1,0
BRDA:16,229,0,1
BRDA:16,229,1,0
BRDA:16,230,0,1
BRDA:16,230,1,0
BRDA:16,231,0,1
BRDA:16,231,1,0
BRDA:17,232,0,0
BRDA:17,232,1,0
BRDA:17,233,0,0
BRDA:17,233,1,0
BRDA:17,234,0,0
BRDA:17,234,1,0
BRDA:17,235,0,0
BRDA:17,235,1,0
BRDA:17,236,0,0
BRDA:17,236,1,0
BRDA:17,237,0,0
BRDA:17,237,1,0
BRDA:17,238,0,0
BRDA:17,238,1,0
BRDA:17,239,0,0
BRDA:17,239,1,0
BRDA:17,240,0,0
BRDA:17,240,1,0
BRDA:17,241,0,0
BRDA:17,241,1,12
BRDA:17,242,0,11
BRDA:17,242,1,1
BRDA:18,243,0,3
BRDA:18,243,1,0
BRDA:18,244,0,5
BRDA:18,244,1,3
BRDA:18,245,0,3
BRDA:18,245,1,2
BRDA:18,246,0,3
BRDA:18,246,1,0
BRDA:18,247,0,4
BRDA:18,247,1,3
BRDA:18,248,0,4
BRDA:18,248,1,3
BRDA:18,249,0,3
BRDA:18,249,1,0
BRDA:18,250,0,16
BRDA:18,250,1,0
BRDA:18,251,0,0
BRDA:18,251,1,7
BRDA:18,252,0,7
BRDA:18,252,1,7
BRDA:18,253,0,7
BRDA:18,253,1,3
BRDA:18,254,0,0
BRDA:18,254,1,7
BRDA:18,255,0,0
BRDA:18,255,1,0
BRDA:18,256,0,0
BRDA:18,256,1,0
BRDA:18,256,2,0
BRDA:19,257,0,0
BRDA:19,257,1,0
BRDA:19,258,0,0
BRDA:19,258,1,0
BRDA:19,258,2,0
BRDA:19,259,0,0
BRDA:19,259,1,0
BRDA:19,259,2,0
BRDA:19,260,0,0
BRDA:19,260,1,0
BRDA:19,261,0,0
BRDA:19,261,1,0
BRDA:19,262,0,0
BRDA:19,262,1,0
BRDA:19,263,0,0
BRDA:19,263,1,0
BRDA:19,264,0,0
BRDA:19,264,1,0
BRDA:19,265,0,0
BRDA:19,265,1,0
BRDA:19,266,0,0
BRDA:19,266,1,0
BRDA:19,267,0,0
BRDA:19,267,1,0
BRDA:19,268,0,0
BRDA:19,268,1,0
BRDA:19,269,0,0
BRDA:19,269,1,0
BRDA:20,270,0,0
BRDA:20,270,1,0
BRDA:20,271,0,4
BRDA:20,271,1,0
BRDA:20,272,0,4
BRDA:20,272,1,0
BRDA:20,273,0,11
BRDA:20,273,1,0
BRDA:20,274,0,6
BRDA:20,274,1,5
BRDA:20,275,0,0
BRDA:20,275,1,0
BRDA:21,276,0,4
BRDA:21,276,1,0
BRDA:21,277,0,4
BRDA:21,277,1,3
BRDA:21,278,0,4
BRDA:21,278,1,3
BRDA:21,279,0,0
BRDA:21,279,1,0
BRDA:21,280,0,0
BRDA:21,280,1,0
BRDA:21,281,0,0
BRDA:21,281,1,0
BRDA:21,282,0,0
BRDA:21,282,1,0
BRDA:21,283,0,0
BRDA:21,283,1,0
BRDA:21,284,0,0
BRDA:21,284,1,0
BRDA:21,285,0,0
BRDA:21,285,1,0
BRDA:21,286,0,0
BRDA:21,286,1,0
BRDA:22,287,0,1
BRDA:22,287,1,0
BRDA:22,288,0,1
BRDA:22,288,1,1
BRDA:22,289,0,1
BRDA:22,289,1,0
BRDA:22,290,0,1
BRDA:22,290,1,1
BRDA:22,291,0,0
BRDA:22,291,1,4
BRDA:22,292,0,0
BRDA:22,292,1,0
BRDA:22,293,0,0
BRDA:22,293,1,4
BRDA:22,294,0,0
BRDA:22,294,1,0
BRDA:22,295,0,0
BRDA:22,295,1,0
BRDA:22,295,2,0
BRDA:22,296,0,4
BRDA:22,296,1,0
BRDA:23,297,0,1
BRDA:23,297,1,3
BRDA:24,298,0,0
BRDA:24,298,1,0
BRDA:25,299,0,0
BRDA:25,299,1,0
BRDA:25,300,0,0
BRDA:25,300,1,0
BRDA:25,301,0,0
BRDA:25,301,1,0
BRDA:25,302,0,0
BRDA:25,302,1,0
BRDA:25,303,0,0
BRDA:25,303,1,0
BRDA:25,304,0,0
BRDA:25,304,1,0
BRDA:25,305,0,0
BRDA:25,305,1,0
BRDA:25,306,0,0
BRDA:25,306,1,0
BRDA:25,307,0,0
BRDA:25,307,1,0
BRDA:25,308,0,0
BRDA:25,308,1,0
BRDA:25,309,0,0
BRDA:25,309,1,0
BRDA:25,310,0,0
BRDA:25,310,1,0
BRDA:25,311,0,0
BRDA:25,311,1,0
BRDA:25,312,0,0
BRDA:25,312,1,0
BRDA:25,313,0,0
BRDA:25,313,1,0
BRDA:25,314,0,0
BRDA:25,314,1,0
BRDA:25,315,0,0
BRDA:25,315,1,0
BRDA:25,316,0,0
BRDA:25,316,1,0
BRDA:25,317,0,0
BRDA:25,317,1,0
BRDA:25,318,0,0
BRDA:25,318,1,0
BRDA:25,319,0,0
BRDA:25,319,1,0
BRDA:26,320,0,0
BRDA:26,320,1,0
BRDA:26,321,0,0
BRDA:26,321,1,0
BRDA:26,321,2,0
BRDA:26,322,0,1
BRDA:26,322,1,1
BRDA:26,323,0,0
BRDA:26,323,1,0
BRDA:26,324,0,0
BRDA:26,324,1,0
BRDA:27,325,0,0
BRDA:27,325,1,0
BRDA:27,326,0,0
BRDA:27,326,1,0
BRDA:27,327,0,0
BRDA:27,327,1,0
BRDA:27,328,0,0
BRDA:27,328,1,1
BRDA:27,329,0,0
BRDA:27,329,1,0
BRDA:27,330,0,0
BRDA:27,330,1,0
BRDA:27,331,0,3
BRDA:27,331,1,0
BRDA:27,332,0,3
BRDA:27,332,1,0
BRDA:27,333,0,3
BRDA:27,333,1,3
BRDA:28,334,0,0
BRDA:28,334,1,0
BRDA:28,335,0,0
BRDA:28,335,1,0
[...]
BRDA:21,176,0,0
BRDA:21,176,1,0
BRDA:21,177,0,0
BRDA:21,177,1,0
BRF:371
BRH:19
end_of_record
TN:
SF:src/swfobject_c1c7185a.js
FN:1,(anonymous_1)
FN:1,(anonymous_2)
FN:2,(anonymous_3)
FN:2,(anonymous_4)
FN:2,(anonymous_5)
FN:2,(anonymous_6)
FN:2,aP
FN:3,aj
FN:3,aC
FN:3,(anonymous_10)
FN:3,aN
FN:3,Y
FN:3,(anonymous_13)
FN:3,am
FN:4,av
FN:4,au
FN:4,ae
FN:5,(anonymous_18)
FN:5,aF
FN:5,(anonymous_20)
FN:6,aO
FN:6,aA
FN:7,aQ
FN:7,aw
FN:7,(anonymous_25)
FN:7,aT
FN:7,aS
FN:7,ar
FN:7,aM
FN:7,ao
FN:8,az
FN:8,ay
FN:8,ai
FN:8,(anonymous_34)
FN:8,(anonymous_35)
FN:9,(anonymous_36)
FN:9,(anonymous_37)
FN:9,(anonymous_38)
FN:9,(anonymous_39)
FN:9,(anonymous_40)
FN:9,(anonymous_41)
FN:10,(anonymous_42)
FN:10,(anonymous_43)
FN:10,(anonymous_44)
FN:10,(anonymous_45)
FN:10,(anonymous_46)
FN:10,(anonymous_47)
FN:10,(anonymous_48)
FNF:48
FNH:13
FNDA:1,(anonymous_1)
FNDA:1,(anonymous_2)
FNDA:1,(anonymous_3)
FNDA:0,(anonymous_4)
FNDA:0,(anonymous_5)
FNDA:53,(anonymous_6)
FNDA:1,aP
FNDA:0,aj
FNDA:1,aC
FNDA:0,(anonymous_10)
FNDA:1,aN
FNDA:1,Y
FNDA:1,(anonymous_13)
FNDA:1,am
FNDA:0,av
FNDA:0,au
FNDA:0,ae
FNDA:0,(anonymous_18)
FNDA:0,aF
FNDA:0,(anonymous_20)
FNDA:0,aO
FNDA:0,aA
FNDA:0,aQ
FNDA:0,aw
FNDA:0,(anonymous_25)
FNDA:0,aT
FNDA:0,aS
FNDA:2,ar
FNDA:0,aM
FNDA:0,ao
FNDA:0,az
FNDA:0,ay
FNDA:0,ai
FNDA:1,(anonymous_34)
FNDA:0,(anonymous_35)
FNDA:0,(anonymous_36)
FNDA:0,(anonymous_37)
FNDA:0,(anonymous_38)
FNDA:0,(anonymous_39)
FNDA:0,(anonymous_40)
FNDA:0,(anonymous_41)
FNDA:0,(anonymous_42)
FNDA:0,(anonymous_43)
FNDA:0,(anonymous_44)
FNDA:0,(anonymous_45)
FNDA:0,(anonymous_46)
FNDA:0,(anonymous_47)
FNDA:1,(anonymous_48)
DA:1,1
DA:2,53
DA:3,1
DA:4,1
DA:5,1
DA:6,1
DA:7,2
DA:8,1
DA:9,1
DA:10,1
LF:10
LH:10
BRDA:1,1,0,1
BRDA:1,1,1,1
BRDA:1,1,2,1
BRDA:1,2,0,1
BRDA:1,2,1,0
BRDA:1,3,0,1
BRDA:1,3,1,0
BRDA:1,4,0,1
BRDA:1,4,1,0
BRDA:1,5,0,1
BRDA:1,5,1,0
BRDA:1,6,0,1
BRDA:1,6,1,1
BRDA:1,7,0,1
BRDA:1,7,1,0
BRDA:1,8,0,1
BRDA:1,8,1,1
BRDA:1,9,0,1
BRDA:1,9,1,1
BRDA:1,9,2,1
BRDA:1,10,0,1
BRDA:1,10,1,0
BRDA:2,11,0,0
BRDA:2,11,1,0
BRDA:2,12,0,0
BRDA:2,12,1,0
BRDA:2,13,0,0
BRDA:2,13,1,0
BRDA:2,14,0,0
BRDA:2,14,1,1
BRDA:2,15,0,0
BRDA:2,15,1,1
BRDA:2,16,0,1
BRDA:2,16,1,1
BRDA:2,16,2,1
BRDA:2,16,3,0
BRDA:2,16,4,0
BRDA:2,17,0,1
BRDA:2,17,1,0
BRDA:2,18,0,1
BRDA:2,18,1,0
BRDA:2,19,0,0
BRDA:2,19,1,1
BRDA:2,20,0,1
BRDA:2,20,1,0
BRDA:2,21,0,0
BRDA:2,21,1,0
BRDA:2,22,0,0
BRDA:2,22,1,0
BRDA:2,23,0,0
BRDA:2,23,1,0
BRDA:2,24,0,1
BRDA:2,24,1,0
BRDA:2,25,0,1
BRDA:2,25,1,52
BRDA:2,26,0,52
BRDA:2,26,1,0
BRDA:2,27,0,0
BRDA:2,27,1,1
BRDA:3,28,0,0
BRDA:3,28,1,0
BRDA:3,29,0,1
BRDA:3,29,1,0
BRDA:3,30,0,0
BRDA:3,30,1,0
BRDA:3,31,0,0
BRDA:3,31,1,0
BRDA:3,32,0,0
BRDA:3,32,1,0
BRDA:3,33,0,1
BRDA:3,33,1,0
BRDA:3,34,0,1
BRDA:3,34,1,0
BRDA:3,35,0,1
BRDA:3,35,1,0
BRDA:3,36,0,1
BRDA:3,36,1,0
BRDA:3,37,0,0
BRDA:3,37,1,0
BRDA:3,38,0,0
BRDA:3,38,1,1
BRDA:4,39,0,0
BRDA:4,39,1,0
BRDA:4,40,0,0
BRDA:4,40,1,0
BRDA:4,41,0,0
BRDA:4,41,1,0
BRDA:4,42,0,0
BRDA:4,42,1,0
BRDA:4,43,0,0
BRDA:4,43,1,0
BRDA:4,44,0,0
BRDA:4,44,1,0
BRDA:4,45,0,0
BRDA:4,45,1,0
BRDA:4,46,0,0
BRDA:4,46,1,0
BRDA:4,47,0,0
BRDA:4,47,1,0
BRDA:4,48,0,0
BRDA:4,48,1,0
BRDA:4,49,0,0
BRDA:4,49,1,0
BRDA:4,50,0,0
BRDA:4,50,1,0
BRDA:4,51,0,0
BRDA:4,51,1,0
BRDA:4,52,0,0
BRDA:4,52,1,0
BRDA:4,53,0,0
BRDA:4,53,1,0
BRDA:4,54,0,0
BRDA:4,54,1,0
BRDA:4,55,0,0
BRDA:4,55,1,0
BRDA:4,56,0,0
BRDA:4,56,1,0
BRDA:4,57,0,0
BRDA:4,57,1,0
BRDA:4,58,0,0
BRDA:4,58,1,0
BRDA:4,59,0,0
BRDA:4,59,1,0
BRDA:4,60,0,0
BRDA:4,60,1,0
BRDA:4,60,2,0
BRDA:4,60,3,0
BRDA:4,60,4,0
BRDA:4,61,0,0
BRDA:4,61,1,0
BRDA:4,62,0,0
BRDA:4,62,1,0
BRDA:5,63,0,0
BRDA:5,63,1,0
BRDA:5,64,0,0
BRDA:5,64,1,0
BRDA:5,65,0,0
BRDA:5,65,1,0
BRDA:5,66,0,0
BRDA:5,66,1,0
BRDA:5,66,2,0
BRDA:5,67,0,0
BRDA:5,67,1,0
BRDA:5,68,0,0
BRDA:5,68,1,0
BRDA:5,68,2,0
BRDA:5,69,0,0
BRDA:5,69,1,0
BRDA:5,70,0,0
BRDA:5,70,1,0
BRDA:5,71,0,0
BRDA:5,71,1,0
BRDA:5,72,0,0
BRDA:5,72,1,0
BRDA:5,73,0,0
BRDA:5,73,1,0
BRDA:5,73,2,0
BRDA:5,74,0,0
BRDA:5,74,1,0
BRDA:5,75,0,0
BRDA:5,75,1,0
BRDA:5,76,0,0
BRDA:5,76,1,0
BRDA:5,76,2,0
BRDA:5,77,0,0
BRDA:5,77,1,0
BRDA:6,78,0,0
BRDA:6,78,1,0
BRDA:6,79,0,0
BRDA:6,79,1,0
BRDA:6,80,0,0
BRDA:6,80,1,0
BRDA:6,81,0,0
BRDA:6,81,1,0
BRDA:6,82,0,0
BRDA:6,82,1,0
BRDA:6,83,0,0
BRDA:6,83,1,0
BRDA:6,84,0,0
BRDA:6,84,1,0
BRDA:6,85,0,0
BRDA:6,85,1,0
BRDA:6,86,0,0
BRDA:6,86,1,0
BRDA:6,87,0,0
BRDA:6,87,1,0
BRDA:6,88,0,0
BRDA:6,88,1,0
BRDA:6,89,0,0
BRDA:6,89,1,0
BRDA:6,90,0,0
BRDA:6,90,1,0
BRDA:6,91,0,0
BRDA:6,91,1,0
BRDA:6,92,0,0
BRDA:6,92,1,0
BRDA:6,93,0,0
BRDA:6,93,1,0
BRDA:6,94,0,0
BRDA:6,94,1,0
BRDA:6,95,0,0
BRDA:6,95,1,0
BRDA:6,96,0,0
BRDA:6,96,1,0
BRDA:6,97,0,0
BRDA:6,97,1,0
BRDA:7,98,0,0
BRDA:7,98,1,0
BRDA:7,99,0,0
BRDA:7,99,1,0
BRDA:7,100,0,0
BRDA:7,100,1,0
BRDA:7,101,0,0
BRDA:7,101,1,0
BRDA:7,102,0,0
BRDA:7,102,1,0
BRDA:7,103,0,0
BRDA:7,103,1,0
BRDA:7,104,0,0
BRDA:7,104,1,0
BRDA:7,105,0,0
BRDA:7,105,1,0
BRDA:7,106,0,0
BRDA:7,106,1,0
BRDA:7,107,0,0
BRDA:7,107,1,0
BRDA:7,108,0,0
BRDA:7,108,1,0
BRDA:7,109,0,0
BRDA:7,109,1,0
BRDA:7,110,0,0
BRDA:7,110,1,0
BRDA:7,111,0,0
BRDA:7,111,1,0
BRDA:7,111,2,0
BRDA:7,111,3,0
BRDA:7,111,4,0
BRDA:7,111,5,0
BRDA:8,112,0,0
BRDA:8,112,1,0
BRDA:8,113,0,0
BRDA:8,113,1,0
BRDA:8,114,0,0
BRDA:8,114,1,0
BRDA:8,115,0,0
BRDA:8,115,1,0
BRDA:8,116,0,0
BRDA:8,116,1,0
BRDA:8,117,0,0
BRDA:8,117,1,0
BRDA:8,118,0,0
BRDA:8,118,1,0
BRDA:8,119,0,0
BRDA:8,119,1,0
BRDA:8,120,0,0
BRDA:8,120,1,0
BRDA:8,121,0,0
BRDA:8,121,1,0
BRDA:8,121,2,0
BRDA:8,121,3,0
BRDA:8,122,0,0
BRDA:8,122,1,0
BRDA:8,123,0,0
BRDA:8,123,1,0
BRDA:8,124,0,0
BRDA:8,124,1,0
BRDA:8,125,0,0
BRDA:8,125,1,0
BRDA:8,126,0,0
BRDA:8,126,1,0
BRDA:8,127,0,0
BRDA:8,127,1,0
BRDA:8,128,0,0
BRDA:8,128,1,0
BRDA:8,129,0,0
BRDA:8,129,1,0
BRDA:8,130,0,0
BRDA:8,130,1,0
BRDA:8,131,0,0
BRDA:8,131,1,0
BRDA:8,132,0,0
BRDA:8,132,1,0
BRDA:8,133,0,0
BRDA:8,133,1,0
BRDA:8,134,0,0
BRDA:8,134,1,1
BRDA:8,135,0,1
BRDA:8,135,1,0
BRDA:9,136,0,0
BRDA:9,136,1,0
BRDA:9,137,0,0
BRDA:9,137,1,0
BRDA:9,137,2,0
BRDA:9,138,0,0
BRDA:9,138,1,0
BRDA:9,139,0,0
BRDA:9,139,1,0
BRDA:9,140,0,0
BRDA:9,140,1,0
BRDA:9,141,0,0
BRDA:9,141,1,0
BRDA:9,141,2,0
BRDA:9,141,3,0
BRDA:9,141,4,0
BRDA:9,141,5,0
BRDA:9,141,6,0
BRDA:9,142,0,0
BRDA:9,142,1,0
BRDA:9,143,0,0
BRDA:9,143,1,0
BRDA:9,144,0,0
BRDA:9,144,1,0
BRDA:9,145,0,0
BRDA:9,145,1,0
BRDA:9,146,0,0
BRDA:9,146,1,0
BRDA:9,147,0,0
BRDA:9,147,1,0
BRDA:9,148,0,0
BRDA:9,148,1,0
BRDA:9,149,0,0
BRDA:9,149,1,0
BRDA:9,150,0,0
BRDA:9,150,1,0
BRDA:9,151,0,0
BRDA:9,151,1,0
BRDA:9,152,0,0
BRDA:9,152,1,0
BRDA:9,153,0,0
BRDA:9,153,1,0
BRDA:9,154,0,0
BRDA:9,154,1,0
BRDA:9,155,0,0
BRDA:9,155,1,0
BRDA:10,156,0,0
BRDA:10,156,1,0
BRDA:10,157,0,0
BRDA:10,157,1,0
BRDA:10,158,0,0
BRDA:10,158,1,0
BRDA:10,159,0,0
BRDA:10,159,1,0
BRDA:10,160,0,0
BRDA:10,160,1,0
BRDA:10,161,0,0
BRDA:10,161,1,0
BRDA:10,162,0,0
BRDA:10,162,1,0
BRDA:10,163,0,0
BRDA:10,163,1,0
BRDA:10,164,0,0
BRDA:10,164,1,0
BRDA:10,165,0,0
BRDA:10,165,1,0
BRDA:10,166,0,0
BRDA:10,166,1,0
BRDA:10,167,0,0
BRDA:10,167,1,0
BRDA:10,168,0,0
BRDA:10,168,1,0
BRDA:10,169,0,0
BRDA:10,169,1,0
BRDA:10,170,0,0
BRDA:10,170,1,0
BRDA:10,171,0,0
BRDA:10,171,1,0
BRDA:10,172,0,0
BRDA:10,172,1,0
BRDA:10,173,0,1
BRDA:10,173,1,0
BRF:370
BRH:39
end_of_record
TN:
SF:src/tu_c6a49bd7.js
FN:1,(anonymous_1)
FN:1,(anonymous_2)
FN:1,(anonymous_3)
FN:1,(anonymous_4)
FN:2,(anonymous_5)
FN:2,y
FN:2,(anonymous_7)
FN:2,(anonymous_8)
FN:2,B
FN:2,x
FN:2,(anonymous_11)
FN:2,(anonymous_12)
FN:3,(anonymous_13)
FN:3,(anonymous_14)
FN:3,(anonymous_15)
FN:3,(anonymous_16)
FN:3,(anonymous_17)
FN:3,(anonymous_18)
FN:3,(anonymous_19)
FN:3,(anonymous_20)
FN:3,(anonymous_21)
FN:3,(anonymous_22)
FN:3,(anonymous_23)
FN:4,(anonymous_24)
FN:4,A
FN:4,(anonymous_26)
FN:4,(anonymous_27)
FN:4,(anonymous_28)
FN:4,(anonymous_29)
FN:4,(anonymous_30)
FN:4,(anonymous_31)
FN:5,(anonymous_32)
FN:5,(anonymous_33)
FN:5,(anonymous_34)
FN:5,(anonymous_35)
FN:5,(anonymous_36)
FN:5,(anonymous_37)
FN:5,(anonymous_38)
FN:5,(anonymous_39)
FN:5,(anonymous_40)
FN:6,(anonymous_41)
FN:6,(anonymous_42)
FN:6,(anonymous_43)
FN:6,(anonymous_44)
FN:6,(anonymous_45)
FN:6,(anonymous_46)
FN:7,(anonymous_47)
FN:7,(anonymous_48)
FN:8,(anonymous_49)
FN:8,(anonymous_50)
FN:8,(anonymous_51)
FN:8,(anonymous_52)
FN:8,(anonymous_53)
FN:8,(anonymous_54)
FN:8,(anonymous_55)
FN:8,(anonymous_56)
FN:8,(anonymous_57)
FN:9,(anonymous_58)
FN:9,(anonymous_59)
FN:9,(anonymous_60)
FN:9,(anonymous_61)
FN:9,(anonymous_62)
FN:9,(anonymous_63)
FN:9,(anonymous_64)
FN:10,(anonymous_65)
FN:10,(anonymous_66)
FN:10,(anonymous_67)
FN:10,(anonymous_68)
FN:10,(anonymous_69)
FN:10,(anonymous_70)
FN:10,(anonymous_71)
FN:10,(anonymous_72)
FN:10,(anonymous_73)
FN:10,(anonymous_74)
FN:11,(anonymous_75)
FN:11,(anonymous_76)
FN:11,(anonymous_77)
FN:11,(anonymous_78)
FN:11,(anonymous_79)
FN:11,(anonymous_80)
FN:11,(anonymous_81)
FN:11,(anonymous_82)
FN:12,(anonymous_83)
FN:12,(anonymous_84)
FN:12,(anonymous_85)
FN:12,(anonymous_86)
FN:12,(anonymous_87)
FN:12,(anonymous_88)
FNF:88
FNH:5
FNDA:1,(anonymous_1)
FNDA:0,(anonymous_2)
FNDA:0,(anonymous_3)
FNDA:0,(anonymous_4)
FNDA:0,(anonymous_5)
FNDA:0,y
FNDA:0,(anonymous_7)
FNDA:0,(anonymous_8)
FNDA:0,B
FNDA:0,x
FNDA:0,(anonymous_11)
FNDA:0,(anonymous_12)
FNDA:0,(anonymous_13)
FNDA:0,(anonymous_14)
FNDA:0,(anonymous_15)
FNDA:0,(anonymous_16)
FNDA:0,(anonymous_17)
FNDA:0,(anonymous_18)
FNDA:0,(anonymous_19)
FNDA:0,(anonymous_20)
FNDA:0,(anonymous_21)
FNDA:0,(anonymous_22)
FNDA:0,(anonymous_23)
FNDA:0,(anonymous_24)
FNDA:0,A
FNDA:0,(anonymous_26)
FNDA:0,(anonymous_27)
FNDA:0,(anonymous_28)
FNDA:0,(anonymous_29)
FNDA:0,(anonymous_30)
FNDA:0,(anonymous_31)
FNDA:0,(anonymous_32)
FNDA:0,(anonymous_33)
FNDA:0,(anonymous_34)
FNDA:1,(anonymous_35)
FNDA:1,(anonymous_36)
FNDA:0,(anonymous_37)
FNDA:0,(anonymous_38)
FNDA:0,(anonymous_39)
FNDA:1,(anonymous_40)
FNDA:0,(anonymous_41)
FNDA:0,(anonymous_42)
FNDA:0,(anonymous_43)
FNDA:0,(anonymous_44)
FNDA:0,(anonymous_45)
FNDA:0,(anonymous_46)
FNDA:0,(anonymous_47)
FNDA:0,(anonymous_48)
FNDA:0,(anonymous_49)
FNDA:0,(anonymous_50)
FNDA:0,(anonymous_51)
FNDA:0,(anonymous_52)
FNDA:0,(anonymous_53)
FNDA:0,(anonymous_54)
FNDA:0,(anonymous_55)
FNDA:0,(anonymous_56)
FNDA:0,(anonymous_57)
FNDA:0,(anonymous_58)
FNDA:0,(anonymous_59)
FNDA:0,(anonymous_60)
FNDA:0,(anonymous_61)
FNDA:0,(anonymous_62)
FNDA:0,(anonymous_63)
FNDA:0,(anonymous_64)
FNDA:0,(anonymous_65)
FNDA:0,(anonymous_66)
FNDA:0,(anonymous_67)
FNDA:0,(anonymous_68)
FNDA:0,(anonymous_69)
FNDA:0,(anonymous_70)
FNDA:0,(anonymous_71)
FNDA:0,(anonymous_72)
FNDA:0,(anonymous_73)
FNDA:0,(anonymous_74)
FNDA:0,(anonymous_75)
FNDA:0,(anonymous_76)
FNDA:0,(anonymous_77)
FNDA:0,(anonymous_78)
FNDA:0,(anonymous_79)
FNDA:0,(anonymous_80)
FNDA:0,(anonymous_81)
FNDA:0,(anonymous_82)
FNDA:0,(anonymous_83)
FNDA:0,(anonymous_84)
FNDA:0,(anonymous_85)
FNDA:0,(anonymous_86)
FNDA:0,(anonymous_87)
FNDA:1,(anonymous_88)
DA:1,1
DA:2,1
DA:3,1
DA:4,0
DA:5,1
DA:6,1
DA:7,0
DA:8,0
DA:9,0
DA:10,0
DA:11,0
DA:12,1
LF:12
LH:6
BRDA:1,1,0,0
BRDA:1,1,1,1
BRDA:1,2,0,1
BRDA:1,2,1,1
BRDA:1,2,2,1
BRDA:1,3,0,0
BRDA:1,3,1,1
BRDA:1,4,0,1
BRDA:1,4,1,0
BRDA:1,5,0,1
BRDA:1,5,1,1
BRDA:1,5,2,1
BRDA:1,6,0,0
BRDA:1,6,1,0
BRDA:1,7,0,1
BRDA:1,7,1,0
BRDA:1,7,2,1
BRDA:1,8,0,0
BRDA:1,8,1,0
BRDA:1,9,0,1
BRDA:1,9,1,1
BRDA:1,9,2,1
BRDA:1,9,3,1
BRDA:1,9,4,0
BRDA:1,10,0,1
BRDA:1,10,1,1
BRDA:1,10,2,0
BRDA:1,10,3,0
BRDA:1,11,0,1
BRDA:1,11,1,1
BRDA:2,12,0,0
BRDA:2,12,1,0
BRDA:2,13,0,0
BRDA:2,13,1,0
BRDA:2,14,0,0
BRDA:2,14,1,0
BRDA:2,15,0,0
BRDA:2,15,1,0
BRDA:2,16,0,0
BRDA:2,16,1,0
BRDA:2,17,0,0
BRDA:2,17,1,0
BRDA:2,17,2,0
BRDA:3,18,0,0
BRDA:3,18,1,0
BRDA:3,19,0,0
BRDA:3,19,1,0
BRDA:3,20,0,0
BRDA:3,20,1,0
BRDA:3,21,0,0
BRDA:3,21,1,0
BRDA:3,22,0,0
BRDA:3,22,1,0
BRDA:3,23,0,0
BRDA:3,23,1,0
BRDA:3,24,0,0
BRDA:3,24,1,0
BRDA:4,25,0,0
BRDA:4,25,1,0
BRDA:4,26,0,0
BRDA:4,26,1,0
BRDA:4,27,0,0
BRDA:4,27,1,0
BRDA:4,28,0,0
BRDA:4,28,1,0
BRDA:4,29,0,0
BRDA:4,29,1,0
BRDA:4,30,0,0
BRDA:4,30,1,0
BRDA:5,31,0,0
BRDA:5,31,1,0
BRDA:5,32,0,1
BRDA:5,32,1,0
BRDA:5,33,0,0
BRDA:5,33,1,1
BRDA:5,34,0,1
BRDA:5,34,1,0
BRDA:5,35,0,0
BRDA:5,35,1,1
BRDA:6,36,0,1
BRDA:6,36,1,0
BRDA:6,37,0,0
BRDA:6,37,1,0
BRDA:6,38,0,0
BRDA:6,38,1,0
BRDA:6,38,2,0
BRDA:6,39,0,0
BRDA:6,39,1,1
BRDA:6,40,0,0
BRDA:6,40,1,0
BRDA:6,41,0,0
BRDA:6,41,1,0
BRDA:6,42,0,0
BRDA:6,42,1,0
BRDA:6,43,0,0
BRDA:6,43,1,0
BRDA:6,44,0,0
BRDA:6,44,1,0
BRDA:6,45,0,0
BRDA:6,45,1,0
BRDA:6,46,0,0
BRDA:6,46,1,0
BRDA:6,47,0,0
BRDA:6,47,1,0
BRDA:7,48,0,0
BRDA:7,48,1,0
BRDA:7,49,0,0
BRDA:7,49,1,0
BRDA:7,50,0,0
BRDA:7,50,1,0
BRDA:8,51,0,0
BRDA:8,51,1,0
BRDA:8,52,0,0
BRDA:8,52,1,0
BRDA:8,53,0,0
BRDA:8,53,1,0
BRDA:9,54,0,0
BRDA:9,54,1,0
BRDA:9,55,0,0
BRDA:9,55,1,0
BRDA:9,56,0,0
BRDA:9,56,1,0
BRDA:9,57,0,0
BRDA:9,57,1,0
BRDA:9,58,0,0
BRDA:9,58,1,0
BRDA:9,59,0,0
BRDA:9,59,1,0
BRDA:9,60,0,0
BRDA:9,60,1,0
BRDA:9,61,0,0
BRDA:9,61,1,0
BRDA:10,62,0,0
BRDA:10,62,1,0
BRDA:10,63,0,0
BRDA:10,63,1,0
BRDA:10,64,0,0
BRDA:10,64,1,0
BRDA:10,64,2,0
BRDA:10,64,3,0
BRDA:10,65,0,0
BRDA:10,65,1,0
BRDA:10,66,0,0
BRDA:10,66,1,0
BRDA:10,67,0,0
BRDA:10,67,1,0
BRDA:10,67,2,0
BRDA:10,68,0,0
BRDA:10,68,1,0
BRDA:10,69,0,0
BRDA:10,69,1,0
BRDA:11,70,0,0
BRDA:11,70,1,0
BRDA:11,71,0,0
BRDA:11,71,1,0
BRDA:11,72,0,0
BRDA:11,72,1,0
BRDA:11,73,0,0
BRDA:11,73,1,0
BRDA:11,74,0,0
BRDA:11,74,1,0
BRDA:11,75,0,0
BRDA:11,75,1,0
BRDA:11,76,0,0
BRDA:11,76,1,0
BRDA:11,77,0,0
BRDA:11,77,1,0
BRDA:12,78,0,1
BRDA:12,78,1,0
BRF:169
BRH:26
end_of_record
TN:
SF:src/voice_e1d36e00.js
FN:1,(anonymous_1)
FN:1,(anonymous_2)
FN:2,(anonymous_3)
FN:3,K
FN:3,(anonymous_5)
FN:3,(anonymous_6)
FN:3,(anonymous_7)
FN:3,(anonymous_8)
FN:3,(anonymous_9)
FN:3,(anonymous_10)
FN:3,(anonymous_11)
FN:4,(anonymous_12)
FN:4,(anonymous_13)
FN:4,(anonymous_14)
FN:4,(anonymous_15)
FN:4,(anonymous_16)
FN:4,(anonymous_17)
FN:4,(anonymous_18)
FN:4,(anonymous_19)
FN:4,(anonymous_20)
FN:4,(anonymous_21)
FN:4,(anonymous_22)
FN:5,D
FN:5,(anonymous_24)
FN:5,(anonymous_25)
FN:5,(anonymous_26)
FN:6,(anonymous_27)
FN:6,(anonymous_28)
FN:6,p
FN:6,s
FN:6,(anonymous_31)
FN:6,(anonymous_32)
FN:7,(anonymous_33)
FN:7,(anonymous_34)
FN:7,(anonymous_35)
FN:7,(anonymous_36)
FN:7,C
FN:7,(anonymous_38)
FN:7,(anonymous_39)
FN:7,(anonymous_40)
FN:7,(anonymous_41)
FN:7,(anonymous_42)
FN:7,(anonymous_43)
FN:7,(anonymous_44)
FN:8,(anonymous_45)
FN:8,(anonymous_46)
FN:8,E
FN:8,(anonymous_48)
FN:8,(anonymous_49)
FN:8,(anonymous_50)
FN:9,(anonymous_51)
FN:9,(anonymous_52)
FN:9,(anonymous_53)
FN:9,(anonymous_54)
FN:9,(anonymous_55)
FN:9,(anonymous_56)
FN:9,(anonymous_57)
FN:9,o
FN:9,(anonymous_59)
FN:10,(anonymous_60)
FN:10,(anonymous_61)
FN:11,(anonymous_62)
FN:11,(anonymous_63)
FN:11,(anonymous_64)
FN:11,(anonymous_65)
FN:12,(anonymous_66)
FN:12,(anonymous_67)
FN:12,(anonymous_68)
FN:13,(anonymous_69)
FN:13,(anonymous_70)
FN:13,(anonymous_71)
FN:13,(anonymous_72)
FN:13,(anonymous_73)
FN:13,(anonymous_74)
FN:13,(anonymous_75)
FN:13,(anonymous_76)
FN:13,(anonymous_77)
FN:13,(anonymous_78)
FN:13,(anonymous_79)
FN:13,(anonymous_80)
FN:14,(anonymous_81)
FN:14,(anonymous_82)
FN:14,(anonymous_83)
FN:14,(anonymous_84)
FN:14,(anonymous_85)
FN:14,(anonymous_86)
FN:14,(anonymous_87)
FN:14,(anonymous_88)
FN:14,(anonymous_89)
FN:14,(anonymous_90)
FN:14,(anonymous_91)
FN:14,(anonymous_92)
FN:15,(anonymous_93)
FN:15,(anonymous_94)
FN:15,(anonymous_95)
FN:15,n
FN:15,(anonymous_97)
FNF:97
FNH:7
FNDA:1,(anonymous_1)
FNDA:0,(anonymous_2)
FNDA:0,(anonymous_3)
FNDA:0,K
FNDA:0,(anonymous_5)
FNDA:0,(anonymous_6)
FNDA:0,(anonymous_7)
FNDA:0,(anonymous_8)
FNDA:0,(anonymous_9)
FNDA:0,(anonymous_10)
FNDA:0,(anonymous_11)
FNDA:0,(anonymous_12)
FNDA:0,(anonymous_13)
FNDA:0,(anonymous_14)
FNDA:0,(anonymous_15)
FNDA:0,(anonymous_16)
FNDA:0,(anonymous_17)
FNDA:0,(anonymous_18)
FNDA:0,(anonymous_19)
FNDA:0,(anonymous_20)
FNDA:0,(anonymous_21)
FNDA:0,(anonymous_22)
FNDA:0,D
FNDA:0,(anonymous_24)
FNDA:0,(anonymous_25)
FNDA:0,(anonymous_26)
FNDA:2,(anonymous_27)
FNDA:0,(anonymous_28)
FNDA:0,p
FNDA:0,s
FNDA:1,(anonymous_31)
FNDA:0,(anonymous_32)
FNDA:0,(anonymous_33)
FNDA:0,(anonymous_34)
FNDA:0,(anonymous_35)
FNDA:0,(anonymous_36)
FNDA:0,C
FNDA:0,(anonymous_38)
FNDA:0,(anonymous_39)
FNDA:0,(anonymous_40)
FNDA:0,(anonymous_41)
FNDA:0,(anonymous_42)
FNDA:0,(anonymous_43)
FNDA:0,(anonymous_44)
FNDA:0,(anonymous_45)
FNDA:0,(anonymous_46)
FNDA:0,E
FNDA:0,(anonymous_48)
FNDA:0,(anonymous_49)
FNDA:0,(anonymous_50)
FNDA:0,(anonymous_51)
FNDA:0,(anonymous_52)
FNDA:0,(anonymous_53)
FNDA:0,(anonymous_54)
FNDA:0,(anonymous_55)
FNDA:0,(anonymous_56)
FNDA:0,(anonymous_57)
FNDA:2,o
FNDA:1,(anonymous_59)
FNDA:0,(anonymous_60)
FNDA:1,(anonymous_61)
FNDA:0,(anonymous_62)
FNDA:0,(anonymous_63)
FNDA:0,(anonymous_64)
FNDA:0,(anonymous_65)
FNDA:0,(anonymous_66)
FNDA:0,(anonymous_67)
FNDA:0,(anonymous_68)
FNDA:0,(anonymous_69)
FNDA:0,(anonymous_70)
FNDA:0,(anonymous_71)
FNDA:0,(anonymous_72)
FNDA:0,(anonymous_73)
FNDA:0,(anonymous_74)
FNDA:0,(anonymous_75)
FNDA:0,(anonymous_76)
FNDA:0,(anonymous_77)
FNDA:0,(anonymous_78)
FNDA:0,(anonymous_79)
FNDA:0,(anonymous_80)
FNDA:0,(anonymous_81)
FNDA:0,(anonymous_82)
FNDA:0,(anonymous_83)
FNDA:0,(anonymous_84)
FNDA:0,(anonymous_85)
FNDA:0,(anonymous_86)
FNDA:0,(anonymous_87)
FNDA:0,(anonymous_88)
FNDA:0,(anonymous_89)
FNDA:0,(anonymous_90)
FNDA:0,(anonymous_91)
FNDA:0,(anonymous_92)
FNDA:0,(anonymous_93)
FNDA:0,(anonymous_94)
FNDA:0,(anonymous_95)
FNDA:0,n
FNDA:1,(anonymous_97)
DA:1,1
DA:2,1
DA:3,1
DA:4,0
DA:5,1
DA:6,2
DA:7,1
DA:8,1
DA:9,2
DA:10,1
DA:11,1
DA:12,0
DA:13,0
DA:14,0
DA:15,1
LF:15
LH:11
BRDA:2,1,0,0
BRDA:2,1,1,1
BRDA:2,2,0,0
BRDA:2,2,1,0
BRDA:2,3,0,1
BRDA:2,3,1,0
BRDA:2,4,0,0
BRDA:2,4,1,0
BRDA:2,5,0,0
BRDA:2,5,1,0
BRDA:2,6,0,0
BRDA:2,6,1,0
BRDA:2,7,0,0
BRDA:2,7,1,0
BRDA:2,8,0,0
BRDA:2,8,1,0
BRDA:3,9,0,0
BRDA:3,9,1,0
BRDA:3,10,0,0
BRDA:3,10,1,0
BRDA:3,11,0,0
BRDA:3,11,1,0
BRDA:3,12,0,0
BRDA:3,12,1,0
BRDA:3,12,2,0
BRDA:3,13,0,0
BRDA:3,13,1,0
BRDA:3,14,0,0
BRDA:3,14,1,0
BRDA:3,15,0,0
BRDA:3,15,1,0
BRDA:3,16,0,0
BRDA:3,16,1,0
BRDA:3,17,0,0
BRDA:3,17,1,0
BRDA:3,18,0,0
BRDA:3,18,1,0
BRDA:4,19,0,0
BRDA:4,19,1,0
BRDA:4,20,0,0
BRDA:4,20,1,0
BRDA:4,21,0,0
BRDA:4,21,1,0
BRDA:4,22,0,0
BRDA:4,22,1,0
BRDA:4,23,0,0
BRDA:4,23,1,0
BRDA:4,24,0,0
BRDA:4,24,1,0
BRDA:4,25,0,0
BRDA:4,25,1,0
BRDA:4,26,0,0
BRDA:4,26,1,0
BRDA:4,27,0,0
BRDA:4,27,1,0
BRDA:4,28,0,0
BRDA:4,28,1,0
BRDA:5,29,0,0
BRDA:5,29,1,0
BRDA:5,30,0,0
BRDA:5,30,1,0
BRDA:5,31,0,0
BRDA:5,31,1,0
BRDA:5,32,0,0
BRDA:5,32,1,0
BRDA:5,33,0,0
BRDA:5,33,1,0
BRDA:5,34,0,0
BRDA:5,34,1,0
BRDA:5,35,0,0
BRDA:5,35,1,0
BRDA:5,36,0,0
BRDA:5,36,1,0
BRDA:5,36,2,0
BRDA:5,37,0,0
BRDA:5,37,1,0
BRDA:5,38,0,0
BRDA:5,38,1,0
BRDA:5,38,2,0
BRDA:5,38,3,0
BRDA:5,39,0,0
BRDA:5,39,1,0
BRDA:5,40,0,0
BRDA:5,40,1,0
BRDA:5,40,2,0
BRDA:5,41,0,0
BRDA:5,41,1,0
BRDA:5,42,0,0
BRDA:5,42,1,0
BRDA:5,42,2,0
BRDA:5,42,3,0
BRDA:5,42,4,0
BRDA:5,43,0,0
BRDA:5,43,1,0
BRDA:5,44,0,0
BRDA:5,44,1,0
BRDA:5,44,2,0
BRDA:5,44,3,0
BRDA:5,45,0,1
BRDA:5,45,1,0
BRDA:5,46,0,1
BRDA:5,46,1,1
BRDA:5,46,2,0
BRDA:5,46,3,0
BRDA:5,47,0,1
BRDA:5,47,1,0
BRDA:6,48,0,0
BRDA:6,48,1,2
BRDA:6,49,0,2
BRDA:6,49,1,2
BRDA:6,50,0,0
BRDA:6,50,1,2
BRDA:6,51,0,0
BRDA:6,51,1,2
BRDA:6,52,0,0
BRDA:6,52,1,0
BRDA:6,53,0,0
BRDA:6,53,1,0
BRDA:6,54,0,0
BRDA:6,54,1,0
BRDA:6,55,0,0
BRDA:6,55,1,0
BRDA:6,56,0,0
BRDA:6,56,1,0
BRDA:7,57,0,0
BRDA:7,57,1,0
BRDA:7,58,0,0
BRDA:7,58,1,0
BRDA:7,58,2,0
BRDA:8,59,0,0
BRDA:8,59,1,0
BRDA:8,60,0,0
BRDA:8,60,1,0
BRDA:8,60,2,0
BRDA:8,60,3,0
BRDA:8,60,4,0
BRDA:8,60,5,0
BRDA:8,61,0,0
BRDA:8,61,1,0
BRDA:9,62,0,0
BRDA:9,62,1,0
BRDA:9,63,0,0
BRDA:9,63,1,0
BRDA:9,64,0,0
BRDA:9,64,1,0
BRDA:9,65,0,0
BRDA:9,65,1,0
BRDA:9,66,0,0
BRDA:9,66,1,0
BRDA:9,67,0,2
BRDA:9,67,1,0
BRDA:9,68,0,1
BRDA:9,68,1,1
BRDA:10,69,0,0
BRDA:10,69,1,1
BRDA:10,70,0,1
BRDA:10,70,1,1
BRDA:10,70,2,1
BRDA:11,71,0,0
BRDA:11,71,1,1
BRDA:11,72,0,1
BRDA:11,72,1,1
BRDA:13,73,0,0
BRDA:13,73,1,0
BRDA:13,74,0,0
BRDA:13,74,1,0
BRDA:13,75,0,0
BRDA:13,75,1,0
BRDA:13,76,0,0
BRDA:13,76,1,0
BRDA:13,77,0,0
BRDA:13,77,1,0
BRDA:13,77,2,0
BRDA:14,78,0,0
BRDA:14,78,1,0
BRDA:14,79,0,0
BRDA:14,79,1,0
BRDA:14,80,0,0
BRDA:14,80,1,0
BRDA:14,81,0,0
BRDA:14,81,1,0
BRDA:14,82,0,0
BRDA:14,82,1,0
BRDA:14,83,0,0
BRDA:14,83,1,0
BRDA:14,84,0,0
BRDA:14,84,1,0
BRDA:15,85,0,1
BRDA:15,85,1,0
BRF:189
BRH:22
end_of_record
